[2025-10-02 09:28:53,680] [INFO] root: Logging system initialized!
[2025-10-02 09:28:53,692] [INFO] transport: Outgoing connecting to: ipc:///tmp/fprime-server-in
[2025-10-02 09:28:53,692] [INFO] transport: Incoming connecting to: ipc:///tmp/fprime-server-out
[2025-10-02 09:29:09,489] [WARNING] distributor: No decoder registered for: FW_PACKET_LOG
[2025-10-02 09:29:09,513] [WARNING] distributor: No decoder registered for: FW_PACKET_LOG
[2025-10-02 09:29:10,428] [WARNING] distributor: No decoder registered for: FW_PACKET_TELEM
[2025-10-02 09:29:10,431] [WARNING] distributor: No decoder registered for: FW_PACKET_LOG
[2025-10-02 09:29:11,341] [WARNING] distributor: No decoder registered for: FW_PACKET_TELEM
[2025-10-02 09:29:11,345] [WARNING] distributor: No decoder registered for: FW_PACKET_LOG
[2025-10-02 09:29:12,261] [WARNING] distributor: No decoder registered for: FW_PACKET_TELEM
[2025-10-02 09:29:12,265] [WARNING] distributor: No decoder registered for: FW_PACKET_LOG
[2025-10-02 09:29:13,178] [WARNING] distributor: No decoder registered for: FW_PACKET_TELEM
[2025-10-02 09:29:13,219] [WARNING] distributor: No decoder registered for: FW_PACKET_LOG
[2025-10-02 09:29:14,091] [WARNING] distributor: No decoder registered for: FW_PACKET_TELEM
[2025-10-02 09:29:14,095] [WARNING] distributor: No decoder registered for: FW_PACKET_LOG
[2025-10-02 09:29:15,010] [WARNING] distributor: No decoder registered for: FW_PACKET_TELEM
[2025-10-02 09:29:15,012] [WARNING] distributor: No decoder registered for: FW_PACKET_LOG
[2025-10-02 09:29:15,928] [WARNING] distributor: No decoder registered for: FW_PACKET_TELEM
[2025-10-02 09:29:15,929] [WARNING] distributor: No decoder registered for: FW_PACKET_LOG
[2025-10-02 09:29:16,841] [WARNING] distributor: No decoder registered for: FW_PACKET_TELEM
[2025-10-02 09:29:16,844] [WARNING] distributor: No decoder registered for: FW_PACKET_LOG
[2025-10-02 09:29:17,758] [WARNING] distributor: No decoder registered for: FW_PACKET_TELEM
[2025-10-02 09:29:17,761] [WARNING] distributor: No decoder registered for: FW_PACKET_LOG
[2025-10-02 09:29:18,674] [WARNING] distributor: No decoder registered for: FW_PACKET_TELEM
[2025-10-02 09:29:18,717] [WARNING] distributor: No decoder registered for: FW_PACKET_LOG
[2025-10-02 09:29:19,591] [WARNING] distributor: No decoder registered for: FW_PACKET_TELEM
[2025-10-02 09:29:19,594] [WARNING] distributor: No decoder registered for: FW_PACKET_LOG
[2025-10-02 09:29:20,511] [WARNING] distributor: No decoder registered for: FW_PACKET_TELEM
[2025-10-02 09:29:20,512] [WARNING] distributor: No decoder registered for: FW_PACKET_LOG
[2025-10-02 09:29:21,428] [WARNING] distributor: No decoder registered for: FW_PACKET_TELEM
[2025-10-02 09:29:21,429] [WARNING] distributor: No decoder registered for: FW_PACKET_LOG
[2025-10-02 09:29:22,341] [WARNING] distributor: No decoder registered for: FW_PACKET_TELEM
[2025-10-02 09:29:22,345] [WARNING] distributor: No decoder registered for: FW_PACKET_LOG
[2025-10-02 09:29:23,257] [WARNING] distributor: No decoder registered for: FW_PACKET_TELEM
[2025-10-02 09:29:23,261] [WARNING] distributor: No decoder registered for: FW_PACKET_LOG
[2025-10-02 09:29:24,174] [WARNING] distributor: No decoder registered for: FW_PACKET_TELEM
[2025-10-02 09:29:24,217] [WARNING] distributor: No decoder registered for: FW_PACKET_LOG
[2025-10-02 09:29:25,093] [WARNING] distributor: No decoder registered for: FW_PACKET_TELEM
[2025-10-02 09:29:25,095] [WARNING] distributor: No decoder registered for: FW_PACKET_LOG
[2025-10-02 09:29:26,009] [WARNING] distributor: No decoder registered for: FW_PACKET_TELEM
[2025-10-02 09:29:26,012] [WARNING] distributor: No decoder registered for: FW_PACKET_LOG
[2025-10-02 09:29:26,932] [WARNING] distributor: No decoder registered for: FW_PACKET_TELEM
[2025-10-02 09:29:26,933] [WARNING] distributor: No decoder registered for: FW_PACKET_LOG
[2025-10-02 09:29:27,841] [WARNING] distributor: No decoder registered for: FW_PACKET_TELEM
[2025-10-02 09:29:27,844] [WARNING] distributor: No decoder registered for: FW_PACKET_LOG
[2025-10-02 09:29:28,760] [WARNING] distributor: No decoder registered for: FW_PACKET_TELEM
[2025-10-02 09:29:28,762] [WARNING] distributor: No decoder registered for: FW_PACKET_LOG
[2025-10-02 09:29:29,675] [WARNING] distributor: No decoder registered for: FW_PACKET_TELEM
[2025-10-02 09:29:29,719] [WARNING] distributor: No decoder registered for: FW_PACKET_LOG
[2025-10-02 09:29:30,594] [WARNING] distributor: No decoder registered for: FW_PACKET_TELEM
[2025-10-02 09:29:30,596] [WARNING] distributor: No decoder registered for: FW_PACKET_LOG
[2025-10-02 09:29:31,511] [WARNING] distributor: No decoder registered for: FW_PACKET_TELEM
[2025-10-02 09:29:31,512] [WARNING] distributor: No decoder registered for: FW_PACKET_LOG
[2025-10-02 09:29:32,424] [WARNING] distributor: No decoder registered for: FW_PACKET_TELEM
[2025-10-02 09:29:32,427] [WARNING] distributor: No decoder registered for: FW_PACKET_LOG
[2025-10-02 09:29:33,340] [WARNING] distributor: No decoder registered for: FW_PACKET_TELEM
[2025-10-02 09:29:33,344] [WARNING] distributor: No decoder registered for: FW_PACKET_LOG
[2025-10-02 09:29:34,260] [WARNING] distributor: No decoder registered for: FW_PACKET_TELEM
[2025-10-02 09:29:34,262] [WARNING] distributor: No decoder registered for: FW_PACKET_LOG
[2025-10-02 09:29:38,107] [WARNING] distributor: No decoder registered for: FW_PACKET_TELEM
[2025-10-02 09:29:38,110] [WARNING] distributor: No decoder registered for: FW_PACKET_LOG
[2025-10-02 09:29:39,026] [WARNING] distributor: No decoder registered for: FW_PACKET_TELEM
[2025-10-02 09:29:39,028] [WARNING] distributor: No decoder registered for: FW_PACKET_LOG
[2025-10-02 09:29:39,943] [WARNING] distributor: No decoder registered for: FW_PACKET_TELEM
[2025-10-02 09:29:39,945] [WARNING] distributor: No decoder registered for: FW_PACKET_LOG
[2025-10-02 09:29:40,859] [WARNING] distributor: No decoder registered for: FW_PACKET_TELEM
[2025-10-02 09:29:40,861] [WARNING] distributor: No decoder registered for: FW_PACKET_LOG
[2025-10-02 09:29:41,773] [WARNING] distributor: No decoder registered for: FW_PACKET_TELEM
[2025-10-02 09:29:41,776] [WARNING] distributor: No decoder registered for: FW_PACKET_LOG
[2025-10-02 09:29:42,689] [WARNING] distributor: No decoder registered for: FW_PACKET_TELEM
[2025-10-02 09:29:42,693] [WARNING] distributor: No decoder registered for: FW_PACKET_LOG
[2025-10-02 09:29:43,609] [WARNING] distributor: No decoder registered for: FW_PACKET_TELEM
[2025-10-02 09:29:43,611] [WARNING] distributor: No decoder registered for: FW_PACKET_LOG
[2025-10-02 09:29:44,526] [WARNING] distributor: No decoder registered for: FW_PACKET_TELEM
[2025-10-02 09:29:44,528] [WARNING] distributor: No decoder registered for: FW_PACKET_LOG
