2025-10-01T17:15:16.402431,(2(0)-1759364116:402431),CDHDeployment.rateGroup2.RgMaxTime,768,154 us
2025-10-01T17:15:16.402735,(2(0)-1759364116:402735),CDHDeployment.bufferManager.HiBuffs,17410,2
2025-10-01T17:15:16.402744,(2(0)-1759364116:402744),CDHDeployment.bufferManager.CurrBuffs,17409,1
2025-10-01T17:15:16.402748,(2(0)-1759364116:402748),CDHDeployment.bufferManager.TotalBuffs,17408,90
2025-10-01T17:15:16.402750,(2(0)-1759364116:402750),CDHDeployment.bufferManager.NoBuffs,17411,0
2025-10-01T17:15:16.402753,(2(0)-1759364116:402753),CDHDeployment.bufferManager.EmptyBuffs,17412,0
2025-10-01T17:15:16.402762,(2(0)-1759364116:402762),CDHDeployment.rateGroup3.RgMaxTime,1024,497 us
2025-10-01T17:15:16.403448,(2(0)-1759364116:403448),CDHDeployment.systemResources.CPU_00,18949,3.28 percent
2025-10-01T17:15:16.404243,(2(0)-1759364116:404243),CDHDeployment.systemResources.CPU_01,18950,3.24 percent
2025-10-01T17:15:16.405323,(2(0)-1759364116:405323),CDHDeployment.systemResources.CPU_02,18951,3.70 percent
2025-10-01T17:15:16.406392,(2(0)-1759364116:406392),CDHDeployment.systemResources.CPU_03,18952,3.40 percent
2025-10-01T17:15:16.406396,(2(0)-1759364116:406396),CDHDeployment.systemResources.CPU,18948,3.40 percent
2025-10-01T17:15:16.406433,(2(0)-1759364116:406433),CDHDeployment.systemResources.MEMORY_TOTAL,18944,426836 KB
2025-10-01T17:15:16.406437,(2(0)-1759364116:406437),CDHDeployment.systemResources.MEMORY_USED,18945,101908 KB
2025-10-01T17:15:16.406469,(2(0)-1759364116:406469),CDHDeployment.systemResources.NON_VOLATILE_FREE,18947,55581144 KB
2025-10-01T17:15:16.406473,(2(0)-1759364116:406473),CDHDeployment.systemResources.NON_VOLATILE_TOTAL,18946,60785600 KB
2025-10-01T17:15:16.406539,(2(0)-1759364116:406539),CDHDeployment.rateGroup1.RgMaxTime,512,4272 us
2025-10-01T17:15:16.406633,(2(0)-1759364116:406633),CDHDeployment.comQueue.comQueueDepth,1792,['1', '0']
2025-10-01T17:15:16.406645,(2(0)-1759364116:406645),CDHDeployment.comQueue.buffQueueDepth,1793,['0']
2025-10-01T17:15:17.403364,(2(0)-1759364117:403364),CDHDeployment.systemResources.CPU_00,18949,13.40 percent
2025-10-01T17:15:17.404176,(2(0)-1759364117:404176),CDHDeployment.systemResources.CPU_01,18950,15.79 percent
2025-10-01T17:15:17.405282,(2(0)-1759364117:405282),CDHDeployment.systemResources.CPU_02,18951,18.56 percent
2025-10-01T17:15:17.406358,(2(0)-1759364117:406358),CDHDeployment.systemResources.CPU_03,18952,12.12 percent
2025-10-01T17:15:17.406364,(2(0)-1759364117:406364),CDHDeployment.systemResources.CPU,18948,14.97 percent
2025-10-01T17:15:17.406393,(2(0)-1759364117:406393),CDHDeployment.systemResources.MEMORY_TOTAL,18944,426836 KB
2025-10-01T17:15:17.406398,(2(0)-1759364117:406398),CDHDeployment.systemResources.MEMORY_USED,18945,101392 KB
2025-10-01T17:15:17.406425,(2(0)-1759364117:406425),CDHDeployment.systemResources.NON_VOLATILE_FREE,18947,55581144 KB
2025-10-01T17:15:17.406428,(2(0)-1759364117:406428),CDHDeployment.systemResources.NON_VOLATILE_TOTAL,18946,60785600 KB
2025-10-01T17:15:17.406527,(2(0)-1759364117:406527),CDHDeployment.comQueue.comQueueDepth,1792,['1', '1']
2025-10-01T17:15:17.406541,(2(0)-1759364117:406541),CDHDeployment.comQueue.buffQueueDepth,1793,['0']
2025-10-01T17:15:18.403429,(2(0)-1759364118:403429),CDHDeployment.systemResources.CPU_00,18949,13.27 percent
2025-10-01T17:15:18.404239,(2(0)-1759364118:404239),CDHDeployment.systemResources.CPU_01,18950,19.80 percent
2025-10-01T17:15:18.405251,(2(0)-1759364118:405251),CDHDeployment.systemResources.CPU_02,18951,13.40 percent
2025-10-01T17:15:18.406316,(2(0)-1759364118:406316),CDHDeployment.systemResources.CPU_03,18952,13.54 percent
2025-10-01T17:15:18.406322,(2(0)-1759364118:406322),CDHDeployment.systemResources.CPU,18948,15.00 percent
2025-10-01T17:15:18.406346,(2(0)-1759364118:406346),CDHDeployment.systemResources.MEMORY_TOTAL,18944,426836 KB
2025-10-01T17:15:18.406353,(2(0)-1759364118:406353),CDHDeployment.systemResources.MEMORY_USED,18945,98884 KB
2025-10-01T17:15:18.406378,(2(0)-1759364118:406378),CDHDeployment.systemResources.NON_VOLATILE_FREE,18947,55581144 KB
2025-10-01T17:15:18.406382,(2(0)-1759364118:406382),CDHDeployment.systemResources.NON_VOLATILE_TOTAL,18946,60785600 KB
2025-10-01T17:15:18.406701,(2(0)-1759364118:406701),CDHDeployment.rateGroup1.RgMaxTime,512,4444 us
2025-10-01T17:15:18.406478,(2(0)-1759364118:406478),CDHDeployment.comQueue.comQueueDepth,1792,['1', '1']
2025-10-01T17:15:18.406491,(2(0)-1759364118:406491),CDHDeployment.comQueue.buffQueueDepth,1793,['0']
2025-10-01T17:15:19.403350,(2(0)-1759364119:403350),CDHDeployment.systemResources.CPU_00,18949,8.16 percent
2025-10-01T17:15:19.404164,(2(0)-1759364119:404164),CDHDeployment.systemResources.CPU_01,18950,21.00 percent
2025-10-01T17:15:19.405260,(2(0)-1759364119:405260),CDHDeployment.systemResources.CPU_02,18951,14.29 percent
2025-10-01T17:15:19.406330,(2(0)-1759364119:406330),CDHDeployment.systemResources.CPU_03,18952,17.17 percent
2025-10-01T17:15:19.406336,(2(0)-1759364119:406336),CDHDeployment.systemResources.CPU,18948,15.16 percent
2025-10-01T17:15:19.406360,(2(0)-1759364119:406360),CDHDeployment.systemResources.MEMORY_TOTAL,18944,426836 KB
2025-10-01T17:15:19.406367,(2(0)-1759364119:406367),CDHDeployment.systemResources.MEMORY_USED,18945,97324 KB
2025-10-01T17:15:19.406394,(2(0)-1759364119:406394),CDHDeployment.systemResources.NON_VOLATILE_FREE,18947,55581144 KB
2025-10-01T17:15:19.406397,(2(0)-1759364119:406397),CDHDeployment.systemResources.NON_VOLATILE_TOTAL,18946,60785600 KB
2025-10-01T17:15:19.406539,(2(0)-1759364119:406539),CDHDeployment.comQueue.comQueueDepth,1792,['1', '1']
2025-10-01T17:15:19.406552,(2(0)-1759364119:406552),CDHDeployment.comQueue.buffQueueDepth,1793,['0']
2025-10-01T17:15:20.403443,(2(0)-1759364120:403443),CDHDeployment.systemResources.CPU_00,18949,8.33 percent
2025-10-01T17:15:20.404266,(2(0)-1759364120:404266),CDHDeployment.systemResources.CPU_01,18950,15.00 percent
2025-10-01T17:15:20.405345,(2(0)-1759364120:405345),CDHDeployment.systemResources.CPU_02,18951,18.95 percent
2025-10-01T17:15:20.406414,(2(0)-1759364120:406414),CDHDeployment.systemResources.CPU_03,18952,14.29 percent
2025-10-01T17:15:20.406420,(2(0)-1759364120:406420),CDHDeployment.systemResources.CPU,18948,14.14 percent
2025-10-01T17:15:20.406447,(2(0)-1759364120:406447),CDHDeployment.systemResources.MEMORY_TOTAL,18944,426836 KB
2025-10-01T17:15:20.406451,(2(0)-1759364120:406451),CDHDeployment.systemResources.MEMORY_USED,18945,93680 KB
2025-10-01T17:15:20.406478,(2(0)-1759364120:406478),CDHDeployment.systemResources.NON_VOLATILE_FREE,18947,55581144 KB
2025-10-01T17:15:20.406481,(2(0)-1759364120:406481),CDHDeployment.systemResources.NON_VOLATILE_TOTAL,18946,60785600 KB
2025-10-01T17:15:20.406563,(2(0)-1759364120:406563),CDHDeployment.comQueue.comQueueDepth,1792,['1', '1']
2025-10-01T17:15:20.406576,(2(0)-1759364120:406576),CDHDeployment.comQueue.buffQueueDepth,1793,['0']
2025-10-01T17:15:21.403383,(2(0)-1759364121:403383),CDHDeployment.systemResources.CPU_00,18949,15.15 percent
2025-10-01T17:15:21.404391,(2(0)-1759364121:404391),CDHDeployment.systemResources.CPU_01,18950,20.62 percent
2025-10-01T17:15:21.405509,(2(0)-1759364121:405509),CDHDeployment.systemResources.CPU_02,18951,10.31 percent
2025-10-01T17:15:21.406652,(2(0)-1759364121:406652),CDHDeployment.systemResources.CPU_03,18952,10.42 percent
2025-10-01T17:15:21.406657,(2(0)-1759364121:406657),CDHDeployment.systemResources.CPU,18948,14.12 percent
2025-10-01T17:15:21.406683,(2(0)-1759364121:406683),CDHDeployment.systemResources.MEMORY_TOTAL,18944,426836 KB
2025-10-01T17:15:21.406688,(2(0)-1759364121:406688),CDHDeployment.systemResources.MEMORY_USED,18945,92208 KB
2025-10-01T17:15:21.406715,(2(0)-1759364121:406715),CDHDeployment.systemResources.NON_VOLATILE_FREE,18947,55581144 KB
2025-10-01T17:15:21.406718,(2(0)-1759364121:406718),CDHDeployment.systemResources.NON_VOLATILE_TOTAL,18946,60785600 KB
2025-10-01T17:15:21.406840,(2(0)-1759364121:406840),CDHDeployment.comQueue.comQueueDepth,1792,['1', '1']
2025-10-01T17:15:21.406852,(2(0)-1759364121:406852),CDHDeployment.comQueue.buffQueueDepth,1793,['0']
2025-10-01T17:15:21.406794,(2(0)-1759364121:406794),CDHDeployment.rateGroup1.RgMaxTime,512,4540 us
2025-10-01T17:15:22.403372,(2(0)-1759364122:403372),CDHDeployment.systemResources.CPU_00,18949,10.42 percent
2025-10-01T17:15:22.404164,(2(0)-1759364122:404164),CDHDeployment.systemResources.CPU_01,18950,15.46 percent
2025-10-01T17:15:22.405366,(2(0)-1759364122:405366),CDHDeployment.systemResources.CPU_02,18951,11.22 percent
2025-10-01T17:15:22.406449,(2(0)-1759364122:406449),CDHDeployment.systemResources.CPU_03,18952,20.00 percent
2025-10-01T17:15:22.406454,(2(0)-1759364122:406454),CDHDeployment.systemResources.CPU,18948,14.28 percent
2025-10-01T17:15:22.406482,(2(0)-1759364122:406482),CDHDeployment.systemResources.MEMORY_TOTAL,18944,426836 KB
2025-10-01T17:15:22.406489,(2(0)-1759364122:406489),CDHDeployment.systemResources.MEMORY_USED,18945,95172 KB
2025-10-01T17:15:22.406518,(2(0)-1759364122:406518),CDHDeployment.systemResources.NON_VOLATILE_FREE,18947,55581144 KB
2025-10-01T17:15:22.406521,(2(0)-1759364122:406521),CDHDeployment.systemResources.NON_VOLATILE_TOTAL,18946,60785600 KB
2025-10-01T17:15:22.406675,(2(0)-1759364122:406675),CDHDeployment.comQueue.comQueueDepth,1792,['1', '1']
2025-10-01T17:15:22.406690,(2(0)-1759364122:406690),CDHDeployment.comQueue.buffQueueDepth,1793,['0']
2025-10-01T17:15:23.403339,(2(0)-1759364123:403339),CDHDeployment.systemResources.CPU_00,18949,15.00 percent
2025-10-01T17:15:23.404136,(2(0)-1759364123:404136),CDHDeployment.systemResources.CPU_01,18950,12.50 percent
2025-10-01T17:15:23.405143,(2(0)-1759364123:405143),CDHDeployment.systemResources.CPU_02,18951,17.17 percent
2025-10-01T17:15:23.406215,(2(0)-1759364123:406215),CDHDeployment.systemResources.CPU_03,18952,16.16 percent
2025-10-01T17:15:23.406220,(2(0)-1759364123:406220),CDHDeployment.systemResources.CPU,18948,15.21 percent
2025-10-01T17:15:23.406246,(2(0)-1759364123:406246),CDHDeployment.systemResources.MEMORY_TOTAL,18944,426836 KB
2025-10-01T17:15:23.406252,(2(0)-1759364123:406252),CDHDeployment.systemResources.MEMORY_USED,18945,96240 KB
2025-10-01T17:15:23.406277,(2(0)-1759364123:406277),CDHDeployment.systemResources.NON_VOLATILE_FREE,18947,55581144 KB
2025-10-01T17:15:23.406281,(2(0)-1759364123:406281),CDHDeployment.systemResources.NON_VOLATILE_TOTAL,18946,60785600 KB
2025-10-01T17:15:23.406383,(2(0)-1759364123:406383),CDHDeployment.comQueue.comQueueDepth,1792,['1', '1']
2025-10-01T17:15:23.406396,(2(0)-1759364123:406396),CDHDeployment.comQueue.buffQueueDepth,1793,['0']
2025-10-01T17:15:24.403457,(2(0)-1759364124:403457),CDHDeployment.systemResources.CPU_00,18949,11.34 percent
2025-10-01T17:15:24.404283,(2(0)-1759364124:404283),CDHDeployment.systemResources.CPU_01,18950,18.00 percent
2025-10-01T17:15:24.405294,(2(0)-1759364124:405294),CDHDeployment.systemResources.CPU_02,18951,13.00 percent
2025-10-01T17:15:24.406360,(2(0)-1759364124:406360),CDHDeployment.systemResources.CPU_03,18952,17.71 percent
2025-10-01T17:15:24.406366,(2(0)-1759364124:406366),CDHDeployment.systemResources.CPU,18948,15.01 percent
2025-10-01T17:15:24.406393,(2(0)-1759364124:406393),CDHDeployment.systemResources.MEMORY_TOTAL,18944,426836 KB
2025-10-01T17:15:24.406397,(2(0)-1759364124:406397),CDHDeployment.systemResources.MEMORY_USED,18945,94568 KB
2025-10-01T17:15:24.406424,(2(0)-1759364124:406424),CDHDeployment.systemResources.NON_VOLATILE_FREE,18947,55581144 KB
2025-10-01T17:15:24.406427,(2(0)-1759364124:406427),CDHDeployment.systemResources.NON_VOLATILE_TOTAL,18946,60785600 KB
2025-10-01T17:15:24.406524,(2(0)-1759364124:406524),CDHDeployment.comQueue.comQueueDepth,1792,['1', '1']
2025-10-01T17:15:24.406538,(2(0)-1759364124:406538),CDHDeployment.comQueue.buffQueueDepth,1793,['0']
2025-10-01T17:15:25.403366,(2(0)-1759364125:403366),CDHDeployment.systemResources.CPU_00,18949,7.14 percent
2025-10-01T17:15:25.404169,(2(0)-1759364125:404169),CDHDeployment.systemResources.CPU_01,18950,18.00 percent
2025-10-01T17:15:25.405214,(2(0)-1759364125:405214),CDHDeployment.systemResources.CPU_02,18951,22.45 percent
2025-10-01T17:15:25.406280,(2(0)-1759364125:406280),CDHDeployment.systemResources.CPU_03,18952,14.29 percent
2025-10-01T17:15:25.406285,(2(0)-1759364125:406285),CDHDeployment.systemResources.CPU,18948,15.47 percent
2025-10-01T17:15:25.406310,(2(0)-1759364125:406310),CDHDeployment.systemResources.MEMORY_TOTAL,18944,426836 KB
2025-10-01T17:15:25.406315,(2(0)-1759364125:406315),CDHDeployment.systemResources.MEMORY_USED,18945,98980 KB
2025-10-01T17:15:25.406342,(2(0)-1759364125:406342),CDHDeployment.systemResources.NON_VOLATILE_FREE,18947,55581144 KB
2025-10-01T17:15:25.406345,(2(0)-1759364125:406345),CDHDeployment.systemResources.NON_VOLATILE_TOTAL,18946,60785600 KB
2025-10-01T17:15:25.406455,(2(0)-1759364125:406455),CDHDeployment.comQueue.comQueueDepth,1792,['1', '1']
2025-10-01T17:15:25.406467,(2(0)-1759364125:406467),CDHDeployment.comQueue.buffQueueDepth,1793,['0']
2025-10-01T17:15:26.403435,(2(0)-1759364126:403435),CDHDeployment.systemResources.CPU_00,18949,10.31 percent
2025-10-01T17:15:26.404230,(2(0)-1759364126:404230),CDHDeployment.systemResources.CPU_01,18950,20.00 percent
2025-10-01T17:15:26.405217,(2(0)-1759364126:405217),CDHDeployment.systemResources.CPU_02,18951,14.85 percent
2025-10-01T17:15:26.406275,(2(0)-1759364126:406275),CDHDeployment.systemResources.CPU_03,18952,15.62 percent
2025-10-01T17:15:26.406281,(2(0)-1759364126:406281),CDHDeployment.systemResources.CPU,18948,15.20 percent
2025-10-01T17:15:26.406306,(2(0)-1759364126:406306),CDHDeployment.systemResources.MEMORY_TOTAL,18944,426836 KB
2025-10-01T17:15:26.406312,(2(0)-1759364126:406312),CDHDeployment.systemResources.MEMORY_USED,18945,98028 KB
2025-10-01T17:15:26.406337,(2(0)-1759364126:406337),CDHDeployment.systemResources.NON_VOLATILE_FREE,18947,55581144 KB
2025-10-01T17:15:26.406341,(2(0)-1759364126:406341),CDHDeployment.systemResources.NON_VOLATILE_TOTAL,18946,60785600 KB
2025-10-01T17:15:26.406430,(2(0)-1759364126:406430),CDHDeployment.comQueue.comQueueDepth,1792,['1', '1']
2025-10-01T17:15:26.406444,(2(0)-1759364126:406444),CDHDeployment.comQueue.buffQueueDepth,1793,['0']
2025-10-01T17:15:27.403324,(2(0)-1759364127:403324),CDHDeployment.systemResources.CPU_00,18949,19.19 percent
2025-10-01T17:15:27.404118,(2(0)-1759364127:404118),CDHDeployment.systemResources.CPU_01,18950,14.14 percent
2025-10-01T17:15:27.405148,(2(0)-1759364127:405148),CDHDeployment.systemResources.CPU_02,18951,17.35 percent
2025-10-01T17:15:27.406211,(2(0)-1759364127:406211),CDHDeployment.systemResources.CPU_03,18952,10.10 percent
2025-10-01T17:15:27.406216,(2(0)-1759364127:406216),CDHDeployment.systemResources.CPU,18948,15.20 percent
2025-10-01T17:15:27.406242,(2(0)-1759364127:406242),CDHDeployment.systemResources.MEMORY_TOTAL,18944,426836 KB
2025-10-01T17:15:27.406246,(2(0)-1759364127:406246),CDHDeployment.systemResources.MEMORY_USED,18945,97764 KB
2025-10-01T17:15:27.406273,(2(0)-1759364127:406273),CDHDeployment.systemResources.NON_VOLATILE_FREE,18947,55581144 KB
2025-10-01T17:15:27.406276,(2(0)-1759364127:406276),CDHDeployment.systemResources.NON_VOLATILE_TOTAL,18946,60785600 KB
2025-10-01T17:15:27.406381,(2(0)-1759364127:406381),CDHDeployment.comQueue.comQueueDepth,1792,['1', '1']
2025-10-01T17:15:27.406394,(2(0)-1759364127:406394),CDHDeployment.comQueue.buffQueueDepth,1793,['0']
2025-10-01T17:15:28.403428,(2(0)-1759364128:403428),CDHDeployment.systemResources.CPU_00,18949,12.50 percent
2025-10-01T17:15:28.404241,(2(0)-1759364128:404241),CDHDeployment.systemResources.CPU_01,18950,17.00 percent
2025-10-01T17:15:28.405239,(2(0)-1759364128:405239),CDHDeployment.systemResources.CPU_02,18951,14.14 percent
2025-10-01T17:15:28.406308,(2(0)-1759364128:406308),CDHDeployment.systemResources.CPU_03,18952,15.62 percent
2025-10-01T17:15:28.406313,(2(0)-1759364128:406313),CDHDeployment.systemResources.CPU,18948,14.82 percent
2025-10-01T17:15:28.406339,(2(0)-1759364128:406339),CDHDeployment.systemResources.MEMORY_TOTAL,18944,426836 KB
2025-10-01T17:15:28.406344,(2(0)-1759364128:406344),CDHDeployment.systemResources.MEMORY_USED,18945,95304 KB
2025-10-01T17:15:28.406370,(2(0)-1759364128:406370),CDHDeployment.systemResources.NON_VOLATILE_FREE,18947,55581144 KB
2025-10-01T17:15:28.406374,(2(0)-1759364128:406374),CDHDeployment.systemResources.NON_VOLATILE_TOTAL,18946,60785600 KB
2025-10-01T17:15:28.407152,(2(0)-1759364128:407152),CDHDeployment.rateGroup1.RgMaxTime,512,4885 us
2025-10-01T17:15:28.406469,(2(0)-1759364128:406469),CDHDeployment.comQueue.comQueueDepth,1792,['1', '1']
2025-10-01T17:15:28.406482,(2(0)-1759364128:406482),CDHDeployment.comQueue.buffQueueDepth,1793,['0']
2025-10-01T17:15:29.403318,(2(0)-1759364129:403318),CDHDeployment.systemResources.CPU_00,18949,18.37 percent
2025-10-01T17:15:29.404107,(2(0)-1759364129:404107),CDHDeployment.systemResources.CPU_01,18950,23.23 percent
2025-10-01T17:15:29.405227,(2(0)-1759364129:405227),CDHDeployment.systemResources.CPU_02,18951,29.59 percent
2025-10-01T17:15:29.406379,(2(0)-1759364129:406379),CDHDeployment.systemResources.CPU_03,18952,16.49 percent
2025-10-01T17:15:29.406385,(2(0)-1759364129:406385),CDHDeployment.systemResources.CPU,18948,21.92 percent
2025-10-01T17:15:29.406412,(2(0)-1759364129:406412),CDHDeployment.systemResources.MEMORY_TOTAL,18944,426836 KB
2025-10-01T17:15:29.406417,(2(0)-1759364129:406417),CDHDeployment.systemResources.MEMORY_USED,18945,95008 KB
2025-10-01T17:15:29.406442,(2(0)-1759364129:406442),CDHDeployment.systemResources.NON_VOLATILE_FREE,18947,55581144 KB
2025-10-01T17:15:29.406447,(2(0)-1759364129:406447),CDHDeployment.systemResources.NON_VOLATILE_TOTAL,18946,60785600 KB
2025-10-01T17:15:29.406582,(2(0)-1759364129:406582),CDHDeployment.comQueue.comQueueDepth,1792,['1', '1']
2025-10-01T17:15:29.406595,(2(0)-1759364129:406595),CDHDeployment.comQueue.buffQueueDepth,1793,['0']
2025-10-01T17:15:30.403370,(2(0)-1759364130:403370),CDHDeployment.systemResources.CPU_00,18949,15.15 percent
2025-10-01T17:15:30.404200,(2(0)-1759364130:404200),CDHDeployment.systemResources.CPU_01,18950,18.18 percent
2025-10-01T17:15:30.405193,(2(0)-1759364130:405193),CDHDeployment.systemResources.CPU_02,18951,20.00 percent
2025-10-01T17:15:30.406257,(2(0)-1759364130:406257),CDHDeployment.systemResources.CPU_03,18952,13.54 percent
2025-10-01T17:15:30.406267,(2(0)-1759364130:406267),CDHDeployment.systemResources.CPU,18948,16.72 percent
2025-10-01T17:15:30.406291,(2(0)-1759364130:406291),CDHDeployment.systemResources.MEMORY_TOTAL,18944,426836 KB
2025-10-01T17:15:30.406297,(2(0)-1759364130:406297),CDHDeployment.systemResources.MEMORY_USED,18945,102136 KB
2025-10-01T17:15:30.406324,(2(0)-1759364130:406324),CDHDeployment.systemResources.NON_VOLATILE_FREE,18947,55581144 KB
2025-10-01T17:15:30.406327,(2(0)-1759364130:406327),CDHDeployment.systemResources.NON_VOLATILE_TOTAL,18946,60785600 KB
2025-10-01T17:15:30.406421,(2(0)-1759364130:406421),CDHDeployment.comQueue.comQueueDepth,1792,['1', '1']
2025-10-01T17:15:30.406436,(2(0)-1759364130:406436),CDHDeployment.comQueue.buffQueueDepth,1793,['0']
2025-10-01T17:15:31.403429,(2(0)-1759364131:403429),CDHDeployment.systemResources.CPU_00,18949,15.46 percent
2025-10-01T17:15:31.404382,(2(0)-1759364131:404382),CDHDeployment.systemResources.CPU_01,18950,19.19 percent
2025-10-01T17:15:31.405527,(2(0)-1759364131:405527),CDHDeployment.systemResources.CPU_02,18951,10.64 percent
2025-10-01T17:15:31.406596,(2(0)-1759364131:406596),CDHDeployment.systemResources.CPU_03,18952,20.00 percent
2025-10-01T17:15:31.406601,(2(0)-1759364131:406601),CDHDeployment.systemResources.CPU,18948,16.32 percent
2025-10-01T17:15:31.406627,(2(0)-1759364131:406627),CDHDeployment.systemResources.MEMORY_TOTAL,18944,426836 KB
2025-10-01T17:15:31.406632,(2(0)-1759364131:406632),CDHDeployment.systemResources.MEMORY_USED,18945,96856 KB
2025-10-01T17:15:31.406659,(2(0)-1759364131:406659),CDHDeployment.systemResources.NON_VOLATILE_FREE,18947,55581144 KB
2025-10-01T17:15:31.406662,(2(0)-1759364131:406662),CDHDeployment.systemResources.NON_VOLATILE_TOTAL,18946,60785600 KB
2025-10-01T17:15:31.406754,(2(0)-1759364131:406754),CDHDeployment.comQueue.comQueueDepth,1792,['1', '1']
2025-10-01T17:15:31.406768,(2(0)-1759364131:406768),CDHDeployment.comQueue.buffQueueDepth,1793,['0']
2025-10-01T17:15:32.403662,(2(0)-1759364132:403662),CDHDeployment.rateGroup2.RgMaxTime,768,1364 us
2025-10-01T17:15:32.403679,(2(0)-1759364132:403679),CDHDeployment.rateGroup3.RgMaxTime,1024,1396 us
2025-10-01T17:15:32.403685,(2(0)-1759364132:403685),CDHDeployment.systemResources.CPU_00,18949,19.39 percent
2025-10-01T17:15:32.404718,(2(0)-1759364132:404718),CDHDeployment.systemResources.CPU_01,18950,15.15 percent
2025-10-01T17:15:32.405703,(2(0)-1759364132:405703),CDHDeployment.systemResources.CPU_02,18951,16.00 percent
2025-10-01T17:15:32.406889,(2(0)-1759364132:406889),CDHDeployment.systemResources.CPU_03,18952,12.37 percent
2025-10-01T17:15:32.406898,(2(0)-1759364132:406898),CDHDeployment.systemResources.CPU,18948,15.73 percent
2025-10-01T17:15:32.406926,(2(0)-1759364132:406926),CDHDeployment.systemResources.MEMORY_TOTAL,18944,426836 KB
2025-10-01T17:15:32.406932,(2(0)-1759364132:406932),CDHDeployment.systemResources.MEMORY_USED,18945,95364 KB
2025-10-01T17:15:32.406960,(2(0)-1759364132:406960),CDHDeployment.systemResources.NON_VOLATILE_FREE,18947,55581144 KB
2025-10-01T17:15:32.406964,(2(0)-1759364132:406964),CDHDeployment.systemResources.NON_VOLATILE_TOTAL,18946,60785600 KB
2025-10-01T17:15:32.407487,(2(0)-1759364132:407487),CDHDeployment.rateGroup1.RgMaxTime,512,5192 us
2025-10-01T17:15:32.407081,(2(0)-1759364132:407081),CDHDeployment.comQueue.comQueueDepth,1792,['1', '1']
2025-10-01T17:15:32.407094,(2(0)-1759364132:407094),CDHDeployment.comQueue.buffQueueDepth,1793,['0']
2025-10-01T17:15:33.403323,(2(0)-1759364133:403323),CDHDeployment.systemResources.CPU_00,18949,19.59 percent
2025-10-01T17:15:33.404114,(2(0)-1759364133:404114),CDHDeployment.systemResources.CPU_01,18950,18.37 percent
2025-10-01T17:15:33.405373,(2(0)-1759364133:405373),CDHDeployment.systemResources.CPU_02,18951,18.75 percent
2025-10-01T17:15:33.406452,(2(0)-1759364133:406452),CDHDeployment.systemResources.CPU_03,18952,13.83 percent
2025-10-01T17:15:33.406456,(2(0)-1759364133:406456),CDHDeployment.systemResources.CPU,18948,17.63 percent
2025-10-01T17:15:33.406482,(2(0)-1759364133:406482),CDHDeployment.systemResources.MEMORY_TOTAL,18944,426836 KB
2025-10-01T17:15:33.406489,(2(0)-1759364133:406489),CDHDeployment.systemResources.MEMORY_USED,18945,111372 KB
2025-10-01T17:15:33.406513,(2(0)-1759364133:406513),CDHDeployment.systemResources.NON_VOLATILE_FREE,18947,55581144 KB
2025-10-01T17:15:33.406517,(2(0)-1759364133:406517),CDHDeployment.systemResources.NON_VOLATILE_TOTAL,18946,60785600 KB
2025-10-01T17:15:33.406608,(2(0)-1759364133:406608),CDHDeployment.comQueue.comQueueDepth,1792,['1', '1']
2025-10-01T17:15:33.406619,(2(0)-1759364133:406619),CDHDeployment.comQueue.buffQueueDepth,1793,['0']
2025-10-01T17:15:34.403344,(2(0)-1759364134:403344),CDHDeployment.systemResources.CPU_00,18949,12.37 percent
2025-10-01T17:15:34.404178,(2(0)-1759364134:404178),CDHDeployment.systemResources.CPU_01,18950,17.71 percent
2025-10-01T17:15:34.405268,(2(0)-1759364134:405268),CDHDeployment.systemResources.CPU_02,18951,16.83 percent
2025-10-01T17:15:34.406338,(2(0)-1759364134:406338),CDHDeployment.systemResources.CPU_03,18952,11.22 percent
2025-10-01T17:15:34.406343,(2(0)-1759364134:406343),CDHDeployment.systemResources.CPU,18948,14.53 percent
2025-10-01T17:15:34.406369,(2(0)-1759364134:406369),CDHDeployment.systemResources.MEMORY_TOTAL,18944,426836 KB
2025-10-01T17:15:34.406376,(2(0)-1759364134:406376),CDHDeployment.systemResources.MEMORY_USED,18945,106540 KB
2025-10-01T17:15:34.406402,(2(0)-1759364134:406402),CDHDeployment.systemResources.NON_VOLATILE_FREE,18947,55581144 KB
2025-10-01T17:15:34.406406,(2(0)-1759364134:406406),CDHDeployment.systemResources.NON_VOLATILE_TOTAL,18946,60785600 KB
2025-10-01T17:15:34.406499,(2(0)-1759364134:406499),CDHDeployment.comQueue.comQueueDepth,1792,['1', '1']
2025-10-01T17:15:34.406517,(2(0)-1759364134:406517),CDHDeployment.comQueue.buffQueueDepth,1793,['0']
2025-10-01T17:15:35.403331,(2(0)-1759364135:403331),CDHDeployment.systemResources.CPU_00,18949,12.24 percent
2025-10-01T17:15:35.404128,(2(0)-1759364135:404128),CDHDeployment.systemResources.CPU_01,18950,19.80 percent
2025-10-01T17:15:35.405142,(2(0)-1759364135:405142),CDHDeployment.systemResources.CPU_02,18951,14.14 percent
2025-10-01T17:15:35.406206,(2(0)-1759364135:406206),CDHDeployment.systemResources.CPU_03,18952,13.54 percent
2025-10-01T17:15:35.406211,(2(0)-1759364135:406211),CDHDeployment.systemResources.CPU,18948,14.93 percent
2025-10-01T17:15:35.406235,(2(0)-1759364135:406235),CDHDeployment.systemResources.MEMORY_TOTAL,18944,426836 KB
2025-10-01T17:15:35.406241,(2(0)-1759364135:406241),CDHDeployment.systemResources.MEMORY_USED,18945,108508 KB
2025-10-01T17:15:35.406269,(2(0)-1759364135:406269),CDHDeployment.systemResources.NON_VOLATILE_FREE,18947,55581144 KB
2025-10-01T17:15:35.406272,(2(0)-1759364135:406272),CDHDeployment.systemResources.NON_VOLATILE_TOTAL,18946,60785600 KB
2025-10-01T17:15:35.406358,(2(0)-1759364135:406358),CDHDeployment.comQueue.comQueueDepth,1792,['1', '1']
2025-10-01T17:15:35.406370,(2(0)-1759364135:406370),CDHDeployment.comQueue.buffQueueDepth,1793,['0']
2025-10-01T17:15:36.403523,(2(0)-1759364136:403523),CDHDeployment.systemResources.CPU_00,18949,17.35 percent
2025-10-01T17:15:36.404424,(2(0)-1759364136:404424),CDHDeployment.systemResources.CPU_01,18950,20.62 percent
2025-10-01T17:15:36.405441,(2(0)-1759364136:405441),CDHDeployment.systemResources.CPU_02,18951,16.67 percent
2025-10-01T17:15:36.406519,(2(0)-1759364136:406519),CDHDeployment.systemResources.CPU_03,18952,20.83 percent
2025-10-01T17:15:36.406523,(2(0)-1759364136:406523),CDHDeployment.systemResources.CPU,18948,18.87 percent
2025-10-01T17:15:36.406550,(2(0)-1759364136:406550),CDHDeployment.systemResources.MEMORY_TOTAL,18944,426836 KB
2025-10-01T17:15:36.406556,(2(0)-1759364136:406556),CDHDeployment.systemResources.MEMORY_USED,18945,109196 KB
2025-10-01T17:15:36.406581,(2(0)-1759364136:406581),CDHDeployment.systemResources.NON_VOLATILE_FREE,18947,55581144 KB
2025-10-01T17:15:36.406586,(2(0)-1759364136:406586),CDHDeployment.systemResources.NON_VOLATILE_TOTAL,18946,60785600 KB
2025-10-01T17:15:36.406689,(2(0)-1759364136:406689),CDHDeployment.comQueue.comQueueDepth,1792,['1', '1']
2025-10-01T17:15:36.406704,(2(0)-1759364136:406704),CDHDeployment.comQueue.buffQueueDepth,1793,['0']
2025-10-01T17:15:37.403337,(2(0)-1759364137:403337),CDHDeployment.systemResources.CPU_00,18949,14.29 percent
2025-10-01T17:15:37.404130,(2(0)-1759364137:404130),CDHDeployment.systemResources.CPU_01,18950,18.81 percent
2025-10-01T17:15:37.405233,(2(0)-1759364137:405233),CDHDeployment.systemResources.CPU_02,18951,6.32 percent
2025-10-01T17:15:37.406315,(2(0)-1759364137:406315),CDHDeployment.systemResources.CPU_03,18952,21.43 percent
2025-10-01T17:15:37.406323,(2(0)-1759364137:406323),CDHDeployment.systemResources.CPU,18948,15.21 percent
2025-10-01T17:15:37.406349,(2(0)-1759364137:406349),CDHDeployment.systemResources.MEMORY_TOTAL,18944,426836 KB
2025-10-01T17:15:37.406354,(2(0)-1759364137:406354),CDHDeployment.systemResources.MEMORY_USED,18945,105800 KB
2025-10-01T17:15:37.406381,(2(0)-1759364137:406381),CDHDeployment.systemResources.NON_VOLATILE_FREE,18947,55581144 KB
2025-10-01T17:15:37.406384,(2(0)-1759364137:406384),CDHDeployment.systemResources.NON_VOLATILE_TOTAL,18946,60785600 KB
2025-10-01T17:15:37.406495,(2(0)-1759364137:406495),CDHDeployment.comQueue.comQueueDepth,1792,['1', '1']
2025-10-01T17:15:37.406506,(2(0)-1759364137:406506),CDHDeployment.comQueue.buffQueueDepth,1793,['0']
2025-10-01T17:15:38.403371,(2(0)-1759364138:403371),CDHDeployment.systemResources.CPU_00,18949,11.46 percent
2025-10-01T17:15:38.404171,(2(0)-1759364138:404171),CDHDeployment.systemResources.CPU_01,18950,17.00 percent
2025-10-01T17:15:38.405239,(2(0)-1759364138:405239),CDHDeployment.systemResources.CPU_02,18951,15.31 percent
2025-10-01T17:15:38.406308,(2(0)-1759364138:406308),CDHDeployment.systemResources.CPU_03,18952,14.43 percent
2025-10-01T17:15:38.406313,(2(0)-1759364138:406313),CDHDeployment.systemResources.CPU,18948,14.55 percent
2025-10-01T17:15:38.406339,(2(0)-1759364138:406339),CDHDeployment.systemResources.MEMORY_TOTAL,18944,426836 KB
2025-10-01T17:15:38.406344,(2(0)-1759364138:406344),CDHDeployment.systemResources.MEMORY_USED,18945,108092 KB
2025-10-01T17:15:38.406371,(2(0)-1759364138:406371),CDHDeployment.systemResources.NON_VOLATILE_FREE,18947,55581144 KB
2025-10-01T17:15:38.406376,(2(0)-1759364138:406376),CDHDeployment.systemResources.NON_VOLATILE_TOTAL,18946,60785600 KB
2025-10-01T17:15:38.406450,(2(0)-1759364138:406450),CDHDeployment.comQueue.comQueueDepth,1792,['1', '1']
2025-10-01T17:15:38.406463,(2(0)-1759364138:406463),CDHDeployment.comQueue.buffQueueDepth,1793,['0']
2025-10-01T17:15:39.403434,(2(0)-1759364139:403434),CDHDeployment.systemResources.CPU_00,18949,12.24 percent
2025-10-01T17:15:39.404240,(2(0)-1759364139:404240),CDHDeployment.systemResources.CPU_01,18950,21.57 percent
2025-10-01T17:15:39.405324,(2(0)-1759364139:405324),CDHDeployment.systemResources.CPU_02,18951,15.46 percent
2025-10-01T17:15:39.406396,(2(0)-1759364139:406396),CDHDeployment.systemResources.CPU_03,18952,11.34 percent
2025-10-01T17:15:39.406400,(2(0)-1759364139:406400),CDHDeployment.systemResources.CPU,18948,15.15 percent
2025-10-01T17:15:39.406426,(2(0)-1759364139:406426),CDHDeployment.systemResources.MEMORY_TOTAL,18944,426836 KB
2025-10-01T17:15:39.406433,(2(0)-1759364139:406433),CDHDeployment.systemResources.MEMORY_USED,18945,108328 KB
2025-10-01T17:15:39.406457,(2(0)-1759364139:406457),CDHDeployment.systemResources.NON_VOLATILE_FREE,18947,55581144 KB
2025-10-01T17:15:39.406461,(2(0)-1759364139:406461),CDHDeployment.systemResources.NON_VOLATILE_TOTAL,18946,60785600 KB
2025-10-01T17:15:39.406550,(2(0)-1759364139:406550),CDHDeployment.comQueue.comQueueDepth,1792,['1', '1']
2025-10-01T17:15:39.406563,(2(0)-1759364139:406563),CDHDeployment.comQueue.buffQueueDepth,1793,['0']
2025-10-01T17:15:40.403574,(2(0)-1759364140:403574),CDHDeployment.systemResources.CPU_00,18949,16.33 percent
2025-10-01T17:15:40.404383,(2(0)-1759364140:404383),CDHDeployment.systemResources.CPU_01,18950,18.18 percent
2025-10-01T17:15:40.405358,(2(0)-1759364140:405358),CDHDeployment.systemResources.CPU_02,18951,10.31 percent
2025-10-01T17:15:40.406420,(2(0)-1759364140:406420),CDHDeployment.systemResources.CPU_03,18952,13.13 percent
2025-10-01T17:15:40.406425,(2(0)-1759364140:406425),CDHDeployment.systemResources.CPU,18948,14.49 percent
2025-10-01T17:15:40.406452,(2(0)-1759364140:406452),CDHDeployment.systemResources.MEMORY_TOTAL,18944,426836 KB
2025-10-01T17:15:40.406457,(2(0)-1759364140:406457),CDHDeployment.systemResources.MEMORY_USED,18945,107968 KB
2025-10-01T17:15:40.406483,(2(0)-1759364140:406483),CDHDeployment.systemResources.NON_VOLATILE_FREE,18947,55581144 KB
2025-10-01T17:15:40.406488,(2(0)-1759364140:406488),CDHDeployment.systemResources.NON_VOLATILE_TOTAL,18946,60785600 KB
2025-10-01T17:15:40.406577,(2(0)-1759364140:406577),CDHDeployment.comQueue.comQueueDepth,1792,['1', '1']
2025-10-01T17:15:40.406589,(2(0)-1759364140:406589),CDHDeployment.comQueue.buffQueueDepth,1793,['0']
2025-10-01T17:15:41.403309,(2(0)-1759364141:403309),CDHDeployment.systemResources.CPU_00,18949,13.27 percent
2025-10-01T17:15:41.404119,(2(0)-1759364141:404119),CDHDeployment.systemResources.CPU_01,18950,16.49 percent
2025-10-01T17:15:41.405215,(2(0)-1759364141:405215),CDHDeployment.systemResources.CPU_02,18951,15.84 percent
2025-10-01T17:15:41.406287,(2(0)-1759364141:406287),CDHDeployment.systemResources.CPU_03,18952,13.54 percent
2025-10-01T17:15:41.406294,(2(0)-1759364141:406294),CDHDeployment.systemResources.CPU,18948,14.79 percent
2025-10-01T17:15:41.406317,(2(0)-1759364141:406317),CDHDeployment.systemResources.MEMORY_TOTAL,18944,426836 KB
2025-10-01T17:15:41.406324,(2(0)-1759364141:406324),CDHDeployment.systemResources.MEMORY_USED,18945,109184 KB
2025-10-01T17:15:41.406351,(2(0)-1759364141:406351),CDHDeployment.systemResources.NON_VOLATILE_FREE,18947,55581144 KB
2025-10-01T17:15:41.406354,(2(0)-1759364141:406354),CDHDeployment.systemResources.NON_VOLATILE_TOTAL,18946,60785600 KB
2025-10-01T17:15:41.406440,(2(0)-1759364141:406440),CDHDeployment.comQueue.comQueueDepth,1792,['1', '1']
2025-10-01T17:15:41.406452,(2(0)-1759364141:406452),CDHDeployment.comQueue.buffQueueDepth,1793,['0']
2025-10-01T17:15:42.403386,(2(0)-1759364142:403386),CDHDeployment.systemResources.CPU_00,18949,8.25 percent
2025-10-01T17:15:42.404200,(2(0)-1759364142:404200),CDHDeployment.systemResources.CPU_01,18950,18.18 percent
2025-10-01T17:15:42.405309,(2(0)-1759364142:405309),CDHDeployment.systemResources.CPU_02,18951,23.47 percent
2025-10-01T17:15:42.406379,(2(0)-1759364142:406379),CDHDeployment.systemResources.CPU_03,18952,8.16 percent
2025-10-01T17:15:42.406384,(2(0)-1759364142:406384),CDHDeployment.systemResources.CPU,18948,14.52 percent
2025-10-01T17:15:42.406414,(2(0)-1759364142:406414),CDHDeployment.systemResources.MEMORY_TOTAL,18944,426836 KB
2025-10-01T17:15:42.406420,(2(0)-1759364142:406420),CDHDeployment.systemResources.MEMORY_USED,18945,107856 KB
2025-10-01T17:15:42.406447,(2(0)-1759364142:406447),CDHDeployment.systemResources.NON_VOLATILE_FREE,18947,55581144 KB
2025-10-01T17:15:42.406450,(2(0)-1759364142:406450),CDHDeployment.systemResources.NON_VOLATILE_TOTAL,18946,60785600 KB
2025-10-01T17:15:42.406544,(2(0)-1759364142:406544),CDHDeployment.comQueue.comQueueDepth,1792,['1', '1']
2025-10-01T17:15:42.406554,(2(0)-1759364142:406554),CDHDeployment.comQueue.buffQueueDepth,1793,['0']
2025-10-01T17:15:43.403367,(2(0)-1759364143:403367),CDHDeployment.systemResources.CPU_00,18949,15.31 percent
2025-10-01T17:15:43.404174,(2(0)-1759364143:404174),CDHDeployment.systemResources.CPU_01,18950,17.17 percent
2025-10-01T17:15:43.405268,(2(0)-1759364143:405268),CDHDeployment.systemResources.CPU_02,18951,11.34 percent
2025-10-01T17:15:43.406341,(2(0)-1759364143:406341),CDHDeployment.systemResources.CPU_03,18952,19.80 percent
2025-10-01T17:15:43.406346,(2(0)-1759364143:406346),CDHDeployment.systemResources.CPU,18948,15.91 percent
2025-10-01T17:15:43.406371,(2(0)-1759364143:406371),CDHDeployment.systemResources.MEMORY_TOTAL,18944,426836 KB
2025-10-01T17:15:43.406377,(2(0)-1759364143:406377),CDHDeployment.systemResources.MEMORY_USED,18945,108496 KB
2025-10-01T17:15:43.406407,(2(0)-1759364143:406407),CDHDeployment.systemResources.NON_VOLATILE_FREE,18947,55581144 KB
2025-10-01T17:15:43.406410,(2(0)-1759364143:406410),CDHDeployment.systemResources.NON_VOLATILE_TOTAL,18946,60785600 KB
2025-10-01T17:15:43.406499,(2(0)-1759364143:406499),CDHDeployment.comQueue.comQueueDepth,1792,['1', '1']
2025-10-01T17:15:43.406511,(2(0)-1759364143:406511),CDHDeployment.comQueue.buffQueueDepth,1793,['0']
2025-10-01T17:15:44.403505,(2(0)-1759364144:403505),CDHDeployment.systemResources.CPU_00,18949,16.33 percent
2025-10-01T17:15:44.404351,(2(0)-1759364144:404351),CDHDeployment.systemResources.CPU_01,18950,12.50 percent
2025-10-01T17:15:44.405342,(2(0)-1759364144:405342),CDHDeployment.systemResources.CPU_02,18951,17.35 percent
2025-10-01T17:15:44.406441,(2(0)-1759364144:406441),CDHDeployment.systemResources.CPU_03,18952,11.34 percent
2025-10-01T17:15:44.406448,(2(0)-1759364144:406448),CDHDeployment.systemResources.CPU,18948,14.38 percent
2025-10-01T17:15:44.406474,(2(0)-1759364144:406474),CDHDeployment.systemResources.MEMORY_TOTAL,18944,426836 KB
2025-10-01T17:15:44.406479,(2(0)-1759364144:406479),CDHDeployment.systemResources.MEMORY_USED,18945,107528 KB
2025-10-01T17:15:44.406506,(2(0)-1759364144:406506),CDHDeployment.systemResources.NON_VOLATILE_FREE,18947,55581144 KB
2025-10-01T17:15:44.406509,(2(0)-1759364144:406509),CDHDeployment.systemResources.NON_VOLATILE_TOTAL,18946,60785600 KB
2025-10-01T17:15:44.406631,(2(0)-1759364144:406631),CDHDeployment.comQueue.comQueueDepth,1792,['1', '1']
2025-10-01T17:15:44.406646,(2(0)-1759364144:406646),CDHDeployment.comQueue.buffQueueDepth,1793,['0']
2025-10-01T17:15:45.403371,(2(0)-1759364145:403371),CDHDeployment.systemResources.CPU_00,18949,5.10 percent
2025-10-01T17:15:45.404172,(2(0)-1759364145:404172),CDHDeployment.systemResources.CPU_01,18950,20.20 percent
2025-10-01T17:15:45.405204,(2(0)-1759364145:405204),CDHDeployment.systemResources.CPU_02,18951,16.33 percent
2025-10-01T17:15:45.406270,(2(0)-1759364145:406270),CDHDeployment.systemResources.CPU_03,18952,19.19 percent
2025-10-01T17:15:45.406274,(2(0)-1759364145:406274),CDHDeployment.systemResources.CPU,18948,15.21 percent
2025-10-01T17:15:45.406300,(2(0)-1759364145:406300),CDHDeployment.systemResources.MEMORY_TOTAL,18944,426836 KB
2025-10-01T17:15:45.406306,(2(0)-1759364145:406306),CDHDeployment.systemResources.MEMORY_USED,18945,106488 KB
2025-10-01T17:15:45.406330,(2(0)-1759364145:406330),CDHDeployment.systemResources.NON_VOLATILE_FREE,18947,55581144 KB
2025-10-01T17:15:45.406336,(2(0)-1759364145:406336),CDHDeployment.systemResources.NON_VOLATILE_TOTAL,18946,60785600 KB
2025-10-01T17:15:45.406426,(2(0)-1759364145:406426),CDHDeployment.comQueue.comQueueDepth,1792,['1', '1']
2025-10-01T17:15:45.406438,(2(0)-1759364145:406438),CDHDeployment.comQueue.buffQueueDepth,1793,['0']
2025-10-01T17:15:46.403457,(2(0)-1759364146:403457),CDHDeployment.systemResources.CPU_00,18949,16.49 percent
2025-10-01T17:15:46.404265,(2(0)-1759364146:404265),CDHDeployment.systemResources.CPU_01,18950,14.43 percent
2025-10-01T17:15:46.405495,(2(0)-1759364146:405495),CDHDeployment.systemResources.CPU_02,18951,14.29 percent
2025-10-01T17:15:46.406571,(2(0)-1759364146:406571),CDHDeployment.systemResources.CPU_03,18952,17.17 percent
2025-10-01T17:15:46.406576,(2(0)-1759364146:406576),CDHDeployment.systemResources.CPU,18948,15.60 percent
2025-10-01T17:15:46.406602,(2(0)-1759364146:406602),CDHDeployment.systemResources.MEMORY_TOTAL,18944,426836 KB
2025-10-01T17:15:46.406607,(2(0)-1759364146:406607),CDHDeployment.systemResources.MEMORY_USED,18945,109876 KB
2025-10-01T17:15:46.406633,(2(0)-1759364146:406633),CDHDeployment.systemResources.NON_VOLATILE_FREE,18947,55581144 KB
2025-10-01T17:15:46.406643,(2(0)-1759364146:406643),CDHDeployment.systemResources.NON_VOLATILE_TOTAL,18946,60785600 KB
2025-10-01T17:15:46.406732,(2(0)-1759364146:406732),CDHDeployment.comQueue.comQueueDepth,1792,['1', '1']
2025-10-01T17:15:46.406744,(2(0)-1759364146:406744),CDHDeployment.comQueue.buffQueueDepth,1793,['0']
2025-10-01T17:15:47.403318,(2(0)-1759364147:403318),CDHDeployment.systemResources.CPU_00,18949,14.29 percent
2025-10-01T17:15:47.404178,(2(0)-1759364147:404178),CDHDeployment.systemResources.CPU_01,18950,13.13 percent
2025-10-01T17:15:47.405187,(2(0)-1759364147:405187),CDHDeployment.systemResources.CPU_02,18951,16.00 percent
2025-10-01T17:15:47.406258,(2(0)-1759364147:406258),CDHDeployment.systemResources.CPU_03,18952,17.53 percent
2025-10-01T17:15:47.406262,(2(0)-1759364147:406262),CDHDeployment.systemResources.CPU,18948,15.24 percent
2025-10-01T17:15:47.406288,(2(0)-1759364147:406288),CDHDeployment.systemResources.MEMORY_TOTAL,18944,426836 KB
2025-10-01T17:15:47.406294,(2(0)-1759364147:406294),CDHDeployment.systemResources.MEMORY_USED,18945,110008 KB
2025-10-01T17:15:47.406318,(2(0)-1759364147:406318),CDHDeployment.systemResources.NON_VOLATILE_FREE,18947,55581144 KB
2025-10-01T17:15:47.406323,(2(0)-1759364147:406323),CDHDeployment.systemResources.NON_VOLATILE_TOTAL,18946,60785600 KB
2025-10-01T17:15:47.406413,(2(0)-1759364147:406413),CDHDeployment.comQueue.comQueueDepth,1792,['1', '1']
2025-10-01T17:15:47.406425,(2(0)-1759364147:406425),CDHDeployment.comQueue.buffQueueDepth,1793,['0']
2025-10-01T17:15:48.403463,(2(0)-1759364148:403463),CDHDeployment.systemResources.CPU_00,18949,8.42 percent
2025-10-01T17:15:48.404318,(2(0)-1759364148:404318),CDHDeployment.systemResources.CPU_01,18950,17.53 percent
2025-10-01T17:15:48.405445,(2(0)-1759364148:405445),CDHDeployment.systemResources.CPU_02,18951,16.16 percent
2025-10-01T17:15:48.406520,(2(0)-1759364148:406520),CDHDeployment.systemResources.CPU_03,18952,14.43 percent
2025-10-01T17:15:48.406525,(2(0)-1759364148:406525),CDHDeployment.systemResources.CPU,18948,14.14 percent
2025-10-01T17:15:48.406551,(2(0)-1759364148:406551),CDHDeployment.systemResources.MEMORY_TOTAL,18944,426836 KB
2025-10-01T17:15:48.406558,(2(0)-1759364148:406558),CDHDeployment.systemResources.MEMORY_USED,18945,108736 KB
2025-10-01T17:15:48.406582,(2(0)-1759364148:406582),CDHDeployment.systemResources.NON_VOLATILE_FREE,18947,55581144 KB
2025-10-01T17:15:48.406588,(2(0)-1759364148:406588),CDHDeployment.systemResources.NON_VOLATILE_TOTAL,18946,60785600 KB
2025-10-01T17:15:48.406680,(2(0)-1759364148:406680),CDHDeployment.comQueue.comQueueDepth,1792,['1', '1']
2025-10-01T17:15:48.406692,(2(0)-1759364148:406692),CDHDeployment.comQueue.buffQueueDepth,1793,['0']
2025-10-01T17:15:49.403383,(2(0)-1759364149:403383),CDHDeployment.systemResources.CPU_00,18949,13.00 percent
2025-10-01T17:15:49.404185,(2(0)-1759364149:404185),CDHDeployment.systemResources.CPU_01,18950,16.00 percent
2025-10-01T17:15:49.405564,(2(0)-1759364149:405564),CDHDeployment.systemResources.CPU_02,18951,17.35 percent
2025-10-01T17:15:49.406659,(2(0)-1759364149:406659),CDHDeployment.systemResources.CPU_03,18952,18.18 percent
2025-10-01T17:15:49.406664,(2(0)-1759364149:406664),CDHDeployment.systemResources.CPU,18948,16.13 percent
2025-10-01T17:15:49.406690,(2(0)-1759364149:406690),CDHDeployment.systemResources.MEMORY_TOTAL,18944,426836 KB
2025-10-01T17:15:49.406697,(2(0)-1759364149:406697),CDHDeployment.systemResources.MEMORY_USED,18945,106204 KB
2025-10-01T17:15:49.406721,(2(0)-1759364149:406721),CDHDeployment.systemResources.NON_VOLATILE_FREE,18947,55581144 KB
2025-10-01T17:15:49.406725,(2(0)-1759364149:406725),CDHDeployment.systemResources.NON_VOLATILE_TOTAL,18946,60785600 KB
2025-10-01T17:15:49.406811,(2(0)-1759364149:406811),CDHDeployment.comQueue.comQueueDepth,1792,['1', '1']
2025-10-01T17:15:49.406823,(2(0)-1759364149:406823),CDHDeployment.comQueue.buffQueueDepth,1793,['0']
2025-10-01T17:15:50.403368,(2(0)-1759364150:403368),CDHDeployment.systemResources.CPU_00,18949,11.34 percent
2025-10-01T17:15:50.404159,(2(0)-1759364150:404159),CDHDeployment.systemResources.CPU_01,18950,21.00 percent
2025-10-01T17:15:50.405282,(2(0)-1759364150:405282),CDHDeployment.systemResources.CPU_02,18951,16.67 percent
2025-10-01T17:15:50.406364,(2(0)-1759364150:406364),CDHDeployment.systemResources.CPU_03,18952,13.27 percent
2025-10-01T17:15:50.406369,(2(0)-1759364150:406369),CDHDeployment.systemResources.CPU,18948,15.57 percent
2025-10-01T17:15:50.406395,(2(0)-1759364150:406395),CDHDeployment.systemResources.MEMORY_TOTAL,18944,426836 KB
2025-10-01T17:15:50.406399,(2(0)-1759364150:406399),CDHDeployment.systemResources.MEMORY_USED,18945,106056 KB
2025-10-01T17:15:50.406426,(2(0)-1759364150:406426),CDHDeployment.systemResources.NON_VOLATILE_FREE,18947,55581144 KB
2025-10-01T17:15:50.406430,(2(0)-1759364150:406430),CDHDeployment.systemResources.NON_VOLATILE_TOTAL,18946,60785600 KB
2025-10-01T17:15:50.406526,(2(0)-1759364150:406526),CDHDeployment.comQueue.comQueueDepth,1792,['1', '1']
2025-10-01T17:15:50.406542,(2(0)-1759364150:406542),CDHDeployment.comQueue.buffQueueDepth,1793,['0']
