[2025-10-01 11:52:18,079] [INFO] root: Logging system initialized!
[2025-10-01 11:52:18,090] [INFO] transport: Outgoing connecting to: ipc:///tmp/fprime-server-in
[2025-10-01 11:52:18,090] [INFO] transport: Incoming connecting to: ipc:///tmp/fprime-server-out
[2025-10-01 11:57:46,872] [WARNING] distributor: No decoder registered for: FW_PACKET_LOG
[2025-10-01 11:57:47,264] [WARNING] distributor: No decoder registered for: FW_PACKET_TELEM
[2025-10-01 11:57:47,267] [WARNING] distributor: No decoder registered for: FW_PACKET_LOG
[2025-10-01 11:57:48,184] [WARNING] distributor: No decoder registered for: FW_PACKET_TELEM
[2025-10-01 11:57:48,185] [WARNING] distributor: No decoder registered for: FW_PACKET_LOG
[2025-10-01 11:57:49,096] [WARNING] distributor: No decoder registered for: FW_PACKET_TELEM
[2025-10-01 11:57:49,101] [WARNING] distributor: No decoder registered for: FW_PACKET_LOG
[2025-10-01 11:57:50,013] [WARNING] distributor: No decoder registered for: FW_PACKET_TELEM
[2025-10-01 11:57:50,016] [WARNING] distributor: No decoder registered for: FW_PACKET_LOG
[2025-10-01 11:57:50,930] [WARNING] distributor: No decoder registered for: FW_PACKET_TELEM
[2025-10-01 11:57:50,933] [WARNING] distributor: No decoder registered for: FW_PACKET_LOG
[2025-10-01 11:57:51,847] [WARNING] distributor: No decoder registered for: FW_PACKET_TELEM
[2025-10-01 11:57:51,849] [WARNING] distributor: No decoder registered for: FW_PACKET_LOG
[2025-10-01 11:57:52,766] [WARNING] distributor: No decoder registered for: FW_PACKET_TELEM
[2025-10-01 11:57:52,768] [WARNING] distributor: No decoder registered for: FW_PACKET_LOG
[2025-10-01 11:57:53,680] [WARNING] distributor: No decoder registered for: FW_PACKET_TELEM
[2025-10-01 11:57:53,683] [WARNING] distributor: No decoder registered for: FW_PACKET_LOG
[2025-10-01 11:57:54,596] [WARNING] distributor: No decoder registered for: FW_PACKET_TELEM
[2025-10-01 11:57:54,599] [WARNING] distributor: No decoder registered for: FW_PACKET_LOG
[2025-10-01 11:57:55,516] [WARNING] distributor: No decoder registered for: FW_PACKET_TELEM
[2025-10-01 11:57:55,518] [WARNING] distributor: No decoder registered for: FW_PACKET_LOG
[2025-10-01 11:57:56,430] [WARNING] distributor: No decoder registered for: FW_PACKET_TELEM
[2025-10-01 11:57:56,433] [WARNING] distributor: No decoder registered for: FW_PACKET_LOG
[2025-10-01 11:57:57,350] [WARNING] distributor: No decoder registered for: FW_PACKET_TELEM
[2025-10-01 11:57:57,351] [WARNING] distributor: No decoder registered for: FW_PACKET_LOG
[2025-10-01 11:57:58,263] [WARNING] distributor: No decoder registered for: FW_PACKET_TELEM
[2025-10-01 11:57:58,266] [WARNING] distributor: No decoder registered for: FW_PACKET_LOG
[2025-10-01 11:57:59,180] [WARNING] distributor: No decoder registered for: FW_PACKET_TELEM
[2025-10-01 11:57:59,183] [WARNING] distributor: No decoder registered for: FW_PACKET_LOG
[2025-10-01 11:58:00,099] [WARNING] distributor: No decoder registered for: FW_PACKET_TELEM
[2025-10-01 11:58:00,102] [WARNING] distributor: No decoder registered for: FW_PACKET_LOG
[2025-10-01 11:58:01,013] [WARNING] distributor: No decoder registered for: FW_PACKET_TELEM
[2025-10-01 11:58:01,016] [WARNING] distributor: No decoder registered for: FW_PACKET_LOG
[2025-10-01 11:58:01,930] [WARNING] distributor: No decoder registered for: FW_PACKET_TELEM
[2025-10-01 11:58:01,934] [WARNING] distributor: No decoder registered for: FW_PACKET_LOG
[2025-10-01 11:58:02,847] [WARNING] distributor: No decoder registered for: FW_PACKET_TELEM
[2025-10-01 11:58:02,850] [WARNING] distributor: No decoder registered for: FW_PACKET_LOG
[2025-10-01 11:58:03,766] [WARNING] distributor: No decoder registered for: FW_PACKET_TELEM
[2025-10-01 11:58:03,768] [WARNING] distributor: No decoder registered for: FW_PACKET_LOG
[2025-10-01 11:58:04,683] [WARNING] distributor: No decoder registered for: FW_PACKET_TELEM
[2025-10-01 11:58:04,684] [WARNING] distributor: No decoder registered for: FW_PACKET_LOG
[2025-10-01 11:58:05,600] [WARNING] distributor: No decoder registered for: FW_PACKET_TELEM
[2025-10-01 11:58:05,601] [WARNING] distributor: No decoder registered for: FW_PACKET_LOG
[2025-10-01 11:58:06,516] [WARNING] distributor: No decoder registered for: FW_PACKET_TELEM
[2025-10-01 11:58:06,519] [WARNING] distributor: No decoder registered for: FW_PACKET_LOG
[2025-10-01 11:58:07,432] [WARNING] distributor: No decoder registered for: FW_PACKET_TELEM
[2025-10-01 11:58:07,435] [WARNING] distributor: No decoder registered for: FW_PACKET_LOG
[2025-10-01 11:58:08,347] [WARNING] distributor: No decoder registered for: FW_PACKET_TELEM
[2025-10-01 11:58:08,350] [WARNING] distributor: No decoder registered for: FW_PACKET_LOG
[2025-10-01 11:58:09,264] [WARNING] distributor: No decoder registered for: FW_PACKET_TELEM
[2025-10-01 11:58:09,268] [WARNING] distributor: No decoder registered for: FW_PACKET_LOG
[2025-10-01 11:58:10,181] [WARNING] distributor: No decoder registered for: FW_PACKET_TELEM
[2025-10-01 11:58:10,184] [WARNING] distributor: No decoder registered for: FW_PACKET_LOG
[2025-10-01 11:58:11,097] [WARNING] distributor: No decoder registered for: FW_PACKET_TELEM
[2025-10-01 11:58:11,101] [WARNING] distributor: No decoder registered for: FW_PACKET_LOG
[2025-10-01 11:58:12,017] [WARNING] distributor: No decoder registered for: FW_PACKET_TELEM
[2025-10-01 11:58:12,056] [WARNING] distributor: No decoder registered for: FW_PACKET_LOG
[2025-10-01 11:58:12,934] [WARNING] distributor: No decoder registered for: FW_PACKET_TELEM
[2025-10-01 11:58:12,935] [WARNING] distributor: No decoder registered for: FW_PACKET_LOG
[2025-10-01 11:58:13,847] [WARNING] distributor: No decoder registered for: FW_PACKET_TELEM
[2025-10-01 11:58:13,850] [WARNING] distributor: No decoder registered for: FW_PACKET_LOG
[2025-10-01 11:58:14,764] [WARNING] distributor: No decoder registered for: FW_PACKET_TELEM
[2025-10-01 11:58:14,767] [WARNING] distributor: No decoder registered for: FW_PACKET_LOG
[2025-10-01 11:58:15,684] [WARNING] distributor: No decoder registered for: FW_PACKET_TELEM
[2025-10-01 11:58:15,686] [WARNING] distributor: No decoder registered for: FW_PACKET_LOG
[2025-10-01 11:58:16,598] [WARNING] distributor: No decoder registered for: FW_PACKET_TELEM
[2025-10-01 11:58:16,600] [WARNING] distributor: No decoder registered for: FW_PACKET_LOG
[2025-10-01 11:58:20,446] [WARNING] distributor: No decoder registered for: FW_PACKET_TELEM
[2025-10-01 11:58:20,487] [WARNING] distributor: No decoder registered for: FW_PACKET_LOG
[2025-10-01 11:58:21,362] [WARNING] distributor: No decoder registered for: FW_PACKET_TELEM
[2025-10-01 11:58:21,674] [WARNING] distributor: No decoder registered for: FW_PACKET_LOG
[2025-10-01 11:58:21,675] [WARNING] distributor: No decoder registered for: FW_PACKET_LOG
[2025-10-01 11:58:21,861] [WARNING] distributor: No decoder registered for: FW_PACKET_LOG
[2025-10-01 11:58:22,279] [WARNING] distributor: No decoder registered for: FW_PACKET_TELEM
[2025-10-01 11:58:22,282] [WARNING] distributor: No decoder registered for: FW_PACKET_LOG
[2025-10-01 11:58:22,800] [WARNING] distributor: No decoder registered for: FW_PACKET_LOG
[2025-10-01 11:58:23,196] [WARNING] distributor: No decoder registered for: FW_PACKET_TELEM
[2025-10-01 11:58:23,199] [WARNING] distributor: No decoder registered for: FW_PACKET_LOG
[2025-10-01 11:58:23,930] [WARNING] distributor: No decoder registered for: FW_PACKET_LOG
