2025-10-01T11:57:47.483838,(2(0)-1759345067:483838),CDHDeployment.rateGroup2.RgMaxTime,768,186 us
2025-10-01T11:57:47.483955,(2(0)-1759345067:483955),CDHDeployment.bufferManager.HiBuffs,17410,2
2025-10-01T11:57:47.483964,(2(0)-1759345067:483964),CDHDeployment.bufferManager.CurrBuffs,17409,1
2025-10-01T11:57:47.483968,(2(0)-1759345067:483968),CDHDeployment.bufferManager.TotalBuffs,17408,90
2025-10-01T11:57:47.483971,(2(0)-1759345067:483971),CDHDeployment.bufferManager.NoBuffs,17411,0
2025-10-01T11:57:47.483977,(2(0)-1759345067:483977),CDHDeployment.bufferManager.EmptyBuffs,17412,0
2025-10-01T11:57:47.483984,(2(0)-1759345067:483984),CDHDeployment.rateGroup3.RgMaxTime,1024,350 us
2025-10-01T11:57:47.485031,(2(0)-1759345067:485031),CDHDeployment.systemResources.CPU_00,18949,4.53 percent
2025-10-01T11:57:47.485856,(2(0)-1759345067:485856),CDHDeployment.systemResources.CPU_01,18950,4.53 percent
2025-10-01T11:57:47.486753,(2(0)-1759345067:486753),CDHDeployment.systemResources.CPU_02,18951,5.65 percent
2025-10-01T11:57:47.487817,(2(0)-1759345067:487817),CDHDeployment.systemResources.CPU_03,18952,4.95 percent
2025-10-01T11:57:47.487823,(2(0)-1759345067:487823),CDHDeployment.systemResources.CPU,18948,4.91 percent
2025-10-01T11:57:47.487855,(2(0)-1759345067:487855),CDHDeployment.systemResources.MEMORY_TOTAL,18944,426836 KB
2025-10-01T11:57:47.487860,(2(0)-1759345067:487860),CDHDeployment.systemResources.MEMORY_USED,18945,119804 KB
2025-10-01T11:57:47.487889,(2(0)-1759345067:487889),CDHDeployment.systemResources.NON_VOLATILE_FREE,18947,55507608 KB
2025-10-01T11:57:47.487893,(2(0)-1759345067:487893),CDHDeployment.systemResources.NON_VOLATILE_TOTAL,18946,60785600 KB
2025-10-01T11:57:47.487954,(2(0)-1759345067:487954),CDHDeployment.rateGroup1.RgMaxTime,512,4316 us
2025-10-01T11:57:47.487994,(2(0)-1759345067:487994),CDHDeployment.comQueue.comQueueDepth,1792,['1', '1']
2025-10-01T11:57:47.488006,(2(0)-1759345067:488006),CDHDeployment.comQueue.buffQueueDepth,1793,['0']
2025-10-01T11:57:48.484896,(2(0)-1759345068:484896),CDHDeployment.systemResources.CPU_00,18949,18.18 percent
2025-10-01T11:57:48.485702,(2(0)-1759345068:485702),CDHDeployment.systemResources.CPU_01,18950,15.00 percent
2025-10-01T11:57:48.486605,(2(0)-1759345068:486605),CDHDeployment.systemResources.CPU_02,18951,17.53 percent
2025-10-01T11:57:48.487678,(2(0)-1759345068:487678),CDHDeployment.systemResources.CPU_03,18952,11.22 percent
2025-10-01T11:57:48.487687,(2(0)-1759345068:487687),CDHDeployment.systemResources.CPU,18948,15.48 percent
2025-10-01T11:57:48.487713,(2(0)-1759345068:487713),CDHDeployment.systemResources.MEMORY_TOTAL,18944,426836 KB
2025-10-01T11:57:48.487719,(2(0)-1759345068:487719),CDHDeployment.systemResources.MEMORY_USED,18945,121872 KB
2025-10-01T11:57:48.487746,(2(0)-1759345068:487746),CDHDeployment.systemResources.NON_VOLATILE_FREE,18947,55507608 KB
2025-10-01T11:57:48.487749,(2(0)-1759345068:487749),CDHDeployment.systemResources.NON_VOLATILE_TOTAL,18946,60785600 KB
2025-10-01T11:57:48.487930,(2(0)-1759345068:487930),CDHDeployment.comQueue.comQueueDepth,1792,['1', '1']
2025-10-01T11:57:48.487943,(2(0)-1759345068:487943),CDHDeployment.comQueue.buffQueueDepth,1793,['0']
2025-10-01T11:57:49.484988,(2(0)-1759345069:484988),CDHDeployment.systemResources.CPU_00,18949,17.53 percent
2025-10-01T11:57:49.485787,(2(0)-1759345069:485787),CDHDeployment.systemResources.CPU_01,18950,15.15 percent
2025-10-01T11:57:49.486687,(2(0)-1759345069:486687),CDHDeployment.systemResources.CPU_02,18951,14.43 percent
2025-10-01T11:57:49.487750,(2(0)-1759345069:487750),CDHDeployment.systemResources.CPU_03,18952,10.20 percent
2025-10-01T11:57:49.487756,(2(0)-1759345069:487756),CDHDeployment.systemResources.CPU,18948,14.33 percent
2025-10-01T11:57:49.487779,(2(0)-1759345069:487779),CDHDeployment.systemResources.MEMORY_TOTAL,18944,426836 KB
2025-10-01T11:57:49.487786,(2(0)-1759345069:487786),CDHDeployment.systemResources.MEMORY_USED,18945,122524 KB
2025-10-01T11:57:49.487813,(2(0)-1759345069:487813),CDHDeployment.systemResources.NON_VOLATILE_FREE,18947,55507608 KB
2025-10-01T11:57:49.487816,(2(0)-1759345069:487816),CDHDeployment.systemResources.NON_VOLATILE_TOTAL,18946,60785600 KB
2025-10-01T11:57:49.488284,(2(0)-1759345069:488284),CDHDeployment.rateGroup1.RgMaxTime,512,4661 us
2025-10-01T11:57:49.487942,(2(0)-1759345069:487942),CDHDeployment.comQueue.comQueueDepth,1792,['1', '1']
2025-10-01T11:57:49.487954,(2(0)-1759345069:487954),CDHDeployment.comQueue.buffQueueDepth,1793,['0']
2025-10-01T11:57:50.484999,(2(0)-1759345070:484999),CDHDeployment.systemResources.CPU_00,18949,14.58 percent
2025-10-01T11:57:50.485815,(2(0)-1759345070:485815),CDHDeployment.systemResources.CPU_01,18950,17.00 percent
2025-10-01T11:57:50.486710,(2(0)-1759345070:486710),CDHDeployment.systemResources.CPU_02,18951,14.29 percent
2025-10-01T11:57:50.487769,(2(0)-1759345070:487769),CDHDeployment.systemResources.CPU_03,18952,16.16 percent
2025-10-01T11:57:50.487774,(2(0)-1759345070:487774),CDHDeployment.systemResources.CPU,18948,15.51 percent
2025-10-01T11:57:50.487807,(2(0)-1759345070:487807),CDHDeployment.systemResources.MEMORY_TOTAL,18944,426836 KB
2025-10-01T11:57:50.487814,(2(0)-1759345070:487814),CDHDeployment.systemResources.MEMORY_USED,18945,119248 KB
2025-10-01T11:57:50.487842,(2(0)-1759345070:487842),CDHDeployment.systemResources.NON_VOLATILE_FREE,18947,55507608 KB
2025-10-01T11:57:50.487846,(2(0)-1759345070:487846),CDHDeployment.systemResources.NON_VOLATILE_TOTAL,18946,60785600 KB
2025-10-01T11:57:50.487947,(2(0)-1759345070:487947),CDHDeployment.comQueue.comQueueDepth,1792,['1', '1']
2025-10-01T11:57:50.487958,(2(0)-1759345070:487958),CDHDeployment.comQueue.buffQueueDepth,1793,['0']
2025-10-01T11:57:51.485035,(2(0)-1759345071:485035),CDHDeployment.systemResources.CPU_00,18949,17.00 percent
2025-10-01T11:57:51.485869,(2(0)-1759345071:485869),CDHDeployment.systemResources.CPU_01,18950,15.84 percent
2025-10-01T11:57:51.486937,(2(0)-1759345071:486937),CDHDeployment.systemResources.CPU_02,18951,11.22 percent
2025-10-01T11:57:51.488027,(2(0)-1759345071:488027),CDHDeployment.systemResources.CPU_03,18952,17.53 percent
2025-10-01T11:57:51.488032,(2(0)-1759345071:488032),CDHDeployment.systemResources.CPU,18948,15.40 percent
2025-10-01T11:57:51.488057,(2(0)-1759345071:488057),CDHDeployment.systemResources.MEMORY_TOTAL,18944,426836 KB
2025-10-01T11:57:51.488062,(2(0)-1759345071:488062),CDHDeployment.systemResources.MEMORY_USED,18945,125088 KB
2025-10-01T11:57:51.488089,(2(0)-1759345071:488089),CDHDeployment.systemResources.NON_VOLATILE_FREE,18947,55507608 KB
2025-10-01T11:57:51.488094,(2(0)-1759345071:488094),CDHDeployment.systemResources.NON_VOLATILE_TOTAL,18946,60785600 KB
2025-10-01T11:57:51.488383,(2(0)-1759345071:488383),CDHDeployment.rateGroup1.RgMaxTime,512,4749 us
2025-10-01T11:57:51.488227,(2(0)-1759345071:488227),CDHDeployment.comQueue.comQueueDepth,1792,['1', '1']
2025-10-01T11:57:51.488237,(2(0)-1759345071:488237),CDHDeployment.comQueue.buffQueueDepth,1793,['0']
2025-10-01T11:57:51.484075,(2(0)-1759345071:484075),CDHDeployment.rateGroup3.RgMaxTime,1024,432 us
2025-10-01T11:57:52.484937,(2(0)-1759345072:484937),CDHDeployment.systemResources.CPU_00,18949,21.43 percent
2025-10-01T11:57:52.485729,(2(0)-1759345072:485729),CDHDeployment.systemResources.CPU_01,18950,10.31 percent
2025-10-01T11:57:52.486626,(2(0)-1759345072:486626),CDHDeployment.systemResources.CPU_02,18951,13.40 percent
2025-10-01T11:57:52.487689,(2(0)-1759345072:487689),CDHDeployment.systemResources.CPU_03,18952,10.31 percent
2025-10-01T11:57:52.487695,(2(0)-1759345072:487695),CDHDeployment.systemResources.CPU,18948,13.86 percent
2025-10-01T11:57:52.487718,(2(0)-1759345072:487718),CDHDeployment.systemResources.MEMORY_TOTAL,18944,426836 KB
2025-10-01T11:57:52.487725,(2(0)-1759345072:487725),CDHDeployment.systemResources.MEMORY_USED,18945,120616 KB
2025-10-01T11:57:52.487752,(2(0)-1759345072:487752),CDHDeployment.systemResources.NON_VOLATILE_FREE,18947,55507608 KB
2025-10-01T11:57:52.487756,(2(0)-1759345072:487756),CDHDeployment.systemResources.NON_VOLATILE_TOTAL,18946,60785600 KB
2025-10-01T11:57:52.487848,(2(0)-1759345072:487848),CDHDeployment.comQueue.comQueueDepth,1792,['1', '1']
2025-10-01T11:57:52.487860,(2(0)-1759345072:487860),CDHDeployment.comQueue.buffQueueDepth,1793,['0']
2025-10-01T11:57:53.485063,(2(0)-1759345073:485063),CDHDeployment.systemResources.CPU_00,18949,18.18 percent
2025-10-01T11:57:53.485865,(2(0)-1759345073:485865),CDHDeployment.systemResources.CPU_01,18950,18.00 percent
2025-10-01T11:57:53.486763,(2(0)-1759345073:486763),CDHDeployment.systemResources.CPU_02,18951,15.15 percent
2025-10-01T11:57:53.487850,(2(0)-1759345073:487850),CDHDeployment.systemResources.CPU_03,18952,9.18 percent
2025-10-01T11:57:53.487854,(2(0)-1759345073:487854),CDHDeployment.systemResources.CPU,18948,15.13 percent
2025-10-01T11:57:53.487880,(2(0)-1759345073:487880),CDHDeployment.systemResources.MEMORY_TOTAL,18944,426836 KB
2025-10-01T11:57:53.487885,(2(0)-1759345073:487885),CDHDeployment.systemResources.MEMORY_USED,18945,123536 KB
2025-10-01T11:57:53.487912,(2(0)-1759345073:487912),CDHDeployment.systemResources.NON_VOLATILE_FREE,18947,55507608 KB
2025-10-01T11:57:53.487916,(2(0)-1759345073:487916),CDHDeployment.systemResources.NON_VOLATILE_TOTAL,18946,60785600 KB
2025-10-01T11:57:53.488009,(2(0)-1759345073:488009),CDHDeployment.comQueue.comQueueDepth,1792,['1', '1']
2025-10-01T11:57:53.488019,(2(0)-1759345073:488019),CDHDeployment.comQueue.buffQueueDepth,1793,['0']
2025-10-01T11:57:54.484914,(2(0)-1759345074:484914),CDHDeployment.systemResources.CPU_00,18949,20.79 percent
2025-10-01T11:57:54.485714,(2(0)-1759345074:485714),CDHDeployment.systemResources.CPU_01,18950,16.16 percent
2025-10-01T11:57:54.486612,(2(0)-1759345074:486612),CDHDeployment.systemResources.CPU_02,18951,15.46 percent
2025-10-01T11:57:54.487676,(2(0)-1759345074:487676),CDHDeployment.systemResources.CPU_03,18952,7.07 percent
2025-10-01T11:57:54.487681,(2(0)-1759345074:487681),CDHDeployment.systemResources.CPU,18948,14.87 percent
2025-10-01T11:57:54.487707,(2(0)-1759345074:487707),CDHDeployment.systemResources.MEMORY_TOTAL,18944,426836 KB
2025-10-01T11:57:54.487714,(2(0)-1759345074:487714),CDHDeployment.systemResources.MEMORY_USED,18945,119708 KB
2025-10-01T11:57:54.487763,(2(0)-1759345074:487763),CDHDeployment.systemResources.NON_VOLATILE_FREE,18947,55507608 KB
2025-10-01T11:57:54.487770,(2(0)-1759345074:487770),CDHDeployment.systemResources.NON_VOLATILE_TOTAL,18946,60785600 KB
2025-10-01T11:57:54.487857,(2(0)-1759345074:487857),CDHDeployment.comQueue.comQueueDepth,1792,['1', '1']
2025-10-01T11:57:54.487870,(2(0)-1759345074:487870),CDHDeployment.comQueue.buffQueueDepth,1793,['0']
2025-10-01T11:57:55.485041,(2(0)-1759345075:485041),CDHDeployment.systemResources.CPU_00,18949,14.85 percent
2025-10-01T11:57:55.485891,(2(0)-1759345075:485891),CDHDeployment.systemResources.CPU_01,18950,20.62 percent
2025-10-01T11:57:55.486803,(2(0)-1759345075:486803),CDHDeployment.systemResources.CPU_02,18951,16.00 percent
2025-10-01T11:57:55.487870,(2(0)-1759345075:487870),CDHDeployment.systemResources.CPU_03,18952,9.28 percent
2025-10-01T11:57:55.487875,(2(0)-1759345075:487875),CDHDeployment.systemResources.CPU,18948,15.19 percent
2025-10-01T11:57:55.487896,(2(0)-1759345075:487896),CDHDeployment.systemResources.MEMORY_TOTAL,18944,426836 KB
2025-10-01T11:57:55.487900,(2(0)-1759345075:487900),CDHDeployment.systemResources.MEMORY_USED,18945,115092 KB
2025-10-01T11:57:55.487923,(2(0)-1759345075:487923),CDHDeployment.systemResources.NON_VOLATILE_FREE,18947,55507608 KB
2025-10-01T11:57:55.487926,(2(0)-1759345075:487926),CDHDeployment.systemResources.NON_VOLATILE_TOTAL,18946,60785600 KB
2025-10-01T11:57:55.488032,(2(0)-1759345075:488032),CDHDeployment.comQueue.comQueueDepth,1792,['1', '1']
2025-10-01T11:57:55.488042,(2(0)-1759345075:488042),CDHDeployment.comQueue.buffQueueDepth,1793,['0']
2025-10-01T11:57:56.484908,(2(0)-1759345076:484908),CDHDeployment.systemResources.CPU_00,18949,17.17 percent
2025-10-01T11:57:56.485704,(2(0)-1759345076:485704),CDHDeployment.systemResources.CPU_01,18950,13.27 percent
2025-10-01T11:57:56.486777,(2(0)-1759345076:486777),CDHDeployment.systemResources.CPU_02,18951,13.40 percent
2025-10-01T11:57:56.487909,(2(0)-1759345076:487909),CDHDeployment.systemResources.CPU_03,18952,13.27 percent
2025-10-01T11:57:56.487914,(2(0)-1759345076:487914),CDHDeployment.systemResources.CPU,18948,14.28 percent
2025-10-01T11:57:56.487936,(2(0)-1759345076:487936),CDHDeployment.systemResources.MEMORY_TOTAL,18944,426836 KB
2025-10-01T11:57:56.487941,(2(0)-1759345076:487941),CDHDeployment.systemResources.MEMORY_USED,18945,116288 KB
2025-10-01T11:57:56.487963,(2(0)-1759345076:487963),CDHDeployment.systemResources.NON_VOLATILE_FREE,18947,55507608 KB
2025-10-01T11:57:56.487967,(2(0)-1759345076:487967),CDHDeployment.systemResources.NON_VOLATILE_TOTAL,18946,60785600 KB
2025-10-01T11:57:56.488065,(2(0)-1759345076:488065),CDHDeployment.comQueue.comQueueDepth,1792,['1', '1']
2025-10-01T11:57:56.488074,(2(0)-1759345076:488074),CDHDeployment.comQueue.buffQueueDepth,1793,['0']
2025-10-01T11:57:57.484956,(2(0)-1759345077:484956),CDHDeployment.systemResources.CPU_00,18949,18.37 percent
2025-10-01T11:57:57.485756,(2(0)-1759345077:485756),CDHDeployment.systemResources.CPU_01,18950,16.16 percent
2025-10-01T11:57:57.486653,(2(0)-1759345077:486653),CDHDeployment.systemResources.CPU_02,18951,14.29 percent
2025-10-01T11:57:57.487753,(2(0)-1759345077:487753),CDHDeployment.systemResources.CPU_03,18952,10.20 percent
2025-10-01T11:57:57.487757,(2(0)-1759345077:487757),CDHDeployment.systemResources.CPU,18948,14.75 percent
2025-10-01T11:57:57.487778,(2(0)-1759345077:487778),CDHDeployment.systemResources.MEMORY_TOTAL,18944,426836 KB
2025-10-01T11:57:57.487782,(2(0)-1759345077:487782),CDHDeployment.systemResources.MEMORY_USED,18945,117960 KB
2025-10-01T11:57:57.487805,(2(0)-1759345077:487805),CDHDeployment.systemResources.NON_VOLATILE_FREE,18947,55507608 KB
2025-10-01T11:57:57.487808,(2(0)-1759345077:487808),CDHDeployment.systemResources.NON_VOLATILE_TOTAL,18946,60785600 KB
2025-10-01T11:57:57.487887,(2(0)-1759345077:487887),CDHDeployment.comQueue.comQueueDepth,1792,['1', '1']
2025-10-01T11:57:57.487897,(2(0)-1759345077:487897),CDHDeployment.comQueue.buffQueueDepth,1793,['0']
2025-10-01T11:57:58.484943,(2(0)-1759345078:484943),CDHDeployment.systemResources.CPU_00,18949,15.31 percent
2025-10-01T11:57:58.485750,(2(0)-1759345078:485750),CDHDeployment.systemResources.CPU_01,18950,20.00 percent
2025-10-01T11:57:58.486651,(2(0)-1759345078:486651),CDHDeployment.systemResources.CPU_02,18951,10.20 percent
2025-10-01T11:57:58.487749,(2(0)-1759345078:487749),CDHDeployment.systemResources.CPU_03,18952,13.27 percent
2025-10-01T11:57:58.487753,(2(0)-1759345078:487753),CDHDeployment.systemResources.CPU,18948,14.69 percent
2025-10-01T11:57:58.487774,(2(0)-1759345078:487774),CDHDeployment.systemResources.MEMORY_TOTAL,18944,426836 KB
2025-10-01T11:57:58.487779,(2(0)-1759345078:487779),CDHDeployment.systemResources.MEMORY_USED,18945,117724 KB
2025-10-01T11:57:58.487802,(2(0)-1759345078:487802),CDHDeployment.systemResources.NON_VOLATILE_FREE,18947,55507608 KB
2025-10-01T11:57:58.487805,(2(0)-1759345078:487805),CDHDeployment.systemResources.NON_VOLATILE_TOTAL,18946,60785600 KB
2025-10-01T11:57:58.487892,(2(0)-1759345078:487892),CDHDeployment.comQueue.comQueueDepth,1792,['1', '1']
2025-10-01T11:57:58.487903,(2(0)-1759345078:487903),CDHDeployment.comQueue.buffQueueDepth,1793,['0']
2025-10-01T11:57:59.485091,(2(0)-1759345079:485091),CDHDeployment.systemResources.CPU_00,18949,13.73 percent
2025-10-01T11:57:59.485918,(2(0)-1759345079:485918),CDHDeployment.systemResources.CPU_01,18950,18.56 percent
2025-10-01T11:57:59.487007,(2(0)-1759345079:487007),CDHDeployment.systemResources.CPU_02,18951,17.53 percent
2025-10-01T11:57:59.488104,(2(0)-1759345079:488104),CDHDeployment.systemResources.CPU_03,18952,11.22 percent
2025-10-01T11:57:59.488108,(2(0)-1759345079:488108),CDHDeployment.systemResources.CPU,18948,15.26 percent
2025-10-01T11:57:59.488128,(2(0)-1759345079:488128),CDHDeployment.systemResources.MEMORY_TOTAL,18944,426836 KB
2025-10-01T11:57:59.488133,(2(0)-1759345079:488133),CDHDeployment.systemResources.MEMORY_USED,18945,119720 KB
2025-10-01T11:57:59.488155,(2(0)-1759345079:488155),CDHDeployment.systemResources.NON_VOLATILE_FREE,18947,55507608 KB
2025-10-01T11:57:59.488158,(2(0)-1759345079:488158),CDHDeployment.systemResources.NON_VOLATILE_TOTAL,18946,60785600 KB
2025-10-01T11:57:59.488307,(2(0)-1759345079:488307),CDHDeployment.comQueue.comQueueDepth,1792,['1', '1']
2025-10-01T11:57:59.488319,(2(0)-1759345079:488319),CDHDeployment.comQueue.buffQueueDepth,1793,['0']
2025-10-01T11:57:59.484323,(2(0)-1759345079:484323),CDHDeployment.rateGroup3.RgMaxTime,1024,688 us
2025-10-01T11:58:00.484980,(2(0)-1759345080:484980),CDHDeployment.systemResources.CPU_00,18949,8.42 percent
2025-10-01T11:58:00.485786,(2(0)-1759345080:485786),CDHDeployment.systemResources.CPU_01,18950,20.41 percent
2025-10-01T11:58:00.486677,(2(0)-1759345080:486677),CDHDeployment.systemResources.CPU_02,18951,15.46 percent
2025-10-01T11:58:00.487770,(2(0)-1759345080:487770),CDHDeployment.systemResources.CPU_03,18952,10.20 percent
2025-10-01T11:58:00.487774,(2(0)-1759345080:487774),CDHDeployment.systemResources.CPU,18948,13.62 percent
2025-10-01T11:58:00.487795,(2(0)-1759345080:487795),CDHDeployment.systemResources.MEMORY_TOTAL,18944,426836 KB
2025-10-01T11:58:00.487800,(2(0)-1759345080:487800),CDHDeployment.systemResources.MEMORY_USED,18945,118372 KB
2025-10-01T11:58:00.487822,(2(0)-1759345080:487822),CDHDeployment.systemResources.NON_VOLATILE_FREE,18947,55507608 KB
2025-10-01T11:58:00.487825,(2(0)-1759345080:487825),CDHDeployment.systemResources.NON_VOLATILE_TOTAL,18946,60785600 KB
2025-10-01T11:58:00.487908,(2(0)-1759345080:487908),CDHDeployment.comQueue.comQueueDepth,1792,['1', '1']
2025-10-01T11:58:00.487917,(2(0)-1759345080:487917),CDHDeployment.comQueue.buffQueueDepth,1793,['0']
2025-10-01T11:58:01.485189,(2(0)-1759345081:485189),CDHDeployment.systemResources.CPU_00,18949,11.34 percent
2025-10-01T11:58:01.486022,(2(0)-1759345081:486022),CDHDeployment.systemResources.CPU_01,18950,21.21 percent
2025-10-01T11:58:01.486924,(2(0)-1759345081:486924),CDHDeployment.systemResources.CPU_02,18951,19.00 percent
2025-10-01T11:58:01.487989,(2(0)-1759345081:487989),CDHDeployment.systemResources.CPU_03,18952,9.09 percent
2025-10-01T11:58:01.487994,(2(0)-1759345081:487994),CDHDeployment.systemResources.CPU,18948,15.16 percent
2025-10-01T11:58:01.488014,(2(0)-1759345081:488014),CDHDeployment.systemResources.MEMORY_TOTAL,18944,426836 KB
2025-10-01T11:58:01.488021,(2(0)-1759345081:488021),CDHDeployment.systemResources.MEMORY_USED,18945,118228 KB
2025-10-01T11:58:01.488051,(2(0)-1759345081:488051),CDHDeployment.systemResources.NON_VOLATILE_FREE,18947,55507608 KB
2025-10-01T11:58:01.488054,(2(0)-1759345081:488054),CDHDeployment.systemResources.NON_VOLATILE_TOTAL,18946,60785600 KB
2025-10-01T11:58:01.488415,(2(0)-1759345081:488415),CDHDeployment.rateGroup1.RgMaxTime,512,4780 us
2025-10-01T11:58:01.488160,(2(0)-1759345081:488160),CDHDeployment.comQueue.comQueueDepth,1792,['1', '1']
2025-10-01T11:58:01.488169,(2(0)-1759345081:488169),CDHDeployment.comQueue.buffQueueDepth,1793,['0']
2025-10-01T11:58:02.484924,(2(0)-1759345082:484924),CDHDeployment.systemResources.CPU_00,18949,11.34 percent
2025-10-01T11:58:02.485724,(2(0)-1759345082:485724),CDHDeployment.systemResources.CPU_01,18950,19.79 percent
2025-10-01T11:58:02.486623,(2(0)-1759345082:486623),CDHDeployment.systemResources.CPU_02,18951,11.22 percent
2025-10-01T11:58:02.487716,(2(0)-1759345082:487716),CDHDeployment.systemResources.CPU_03,18952,11.46 percent
2025-10-01T11:58:02.487721,(2(0)-1759345082:487721),CDHDeployment.systemResources.CPU,18948,13.45 percent
2025-10-01T11:58:02.487741,(2(0)-1759345082:487741),CDHDeployment.systemResources.MEMORY_TOTAL,18944,426836 KB
2025-10-01T11:58:02.487746,(2(0)-1759345082:487746),CDHDeployment.systemResources.MEMORY_USED,18945,116540 KB
2025-10-01T11:58:02.487768,(2(0)-1759345082:487768),CDHDeployment.systemResources.NON_VOLATILE_FREE,18947,55507608 KB
2025-10-01T11:58:02.487771,(2(0)-1759345082:487771),CDHDeployment.systemResources.NON_VOLATILE_TOTAL,18946,60785600 KB
2025-10-01T11:58:02.487861,(2(0)-1759345082:487861),CDHDeployment.comQueue.comQueueDepth,1792,['1', '1']
2025-10-01T11:58:02.487870,(2(0)-1759345082:487870),CDHDeployment.comQueue.buffQueueDepth,1793,['0']
2025-10-01T11:58:03.485079,(2(0)-1759345083:485079),CDHDeployment.systemResources.CPU_00,18949,13.54 percent
2025-10-01T11:58:03.485911,(2(0)-1759345083:485911),CDHDeployment.systemResources.CPU_01,18950,15.62 percent
2025-10-01T11:58:03.486837,(2(0)-1759345083:486837),CDHDeployment.systemResources.CPU_02,18951,11.22 percent
2025-10-01T11:58:03.487934,(2(0)-1759345083:487934),CDHDeployment.systemResources.CPU_03,18952,14.29 percent
2025-10-01T11:58:03.487939,(2(0)-1759345083:487939),CDHDeployment.systemResources.CPU,18948,13.67 percent
2025-10-01T11:58:03.487964,(2(0)-1759345083:487964),CDHDeployment.systemResources.MEMORY_TOTAL,18944,426836 KB
2025-10-01T11:58:03.487969,(2(0)-1759345083:487969),CDHDeployment.systemResources.MEMORY_USED,18945,117520 KB
2025-10-01T11:58:03.488002,(2(0)-1759345083:488002),CDHDeployment.systemResources.NON_VOLATILE_FREE,18947,55507608 KB
2025-10-01T11:58:03.488006,(2(0)-1759345083:488006),CDHDeployment.systemResources.NON_VOLATILE_TOTAL,18946,60785600 KB
2025-10-01T11:58:03.488826,(2(0)-1759345083:488826),CDHDeployment.rateGroup1.RgMaxTime,512,5189 us
2025-10-01T11:58:03.488137,(2(0)-1759345083:488137),CDHDeployment.comQueue.comQueueDepth,1792,['1', '1']
2025-10-01T11:58:03.488150,(2(0)-1759345083:488150),CDHDeployment.comQueue.buffQueueDepth,1793,['0']
2025-10-01T11:58:03.484333,(2(0)-1759345083:484333),CDHDeployment.rateGroup3.RgMaxTime,1024,701 us
2025-10-01T11:58:04.484942,(2(0)-1759345084:484942),CDHDeployment.systemResources.CPU_00,18949,13.40 percent
2025-10-01T11:58:04.485747,(2(0)-1759345084:485747),CDHDeployment.systemResources.CPU_01,18950,17.89 percent
2025-10-01T11:58:04.486821,(2(0)-1759345084:486821),CDHDeployment.systemResources.CPU_02,18951,11.11 percent
2025-10-01T11:58:04.487886,(2(0)-1759345084:487886),CDHDeployment.systemResources.CPU_03,18952,13.13 percent
2025-10-01T11:58:04.487890,(2(0)-1759345084:487890),CDHDeployment.systemResources.CPU,18948,13.88 percent
2025-10-01T11:58:04.487916,(2(0)-1759345084:487916),CDHDeployment.systemResources.MEMORY_TOTAL,18944,426836 KB
2025-10-01T11:58:04.487921,(2(0)-1759345084:487921),CDHDeployment.systemResources.MEMORY_USED,18945,119880 KB
2025-10-01T11:58:04.487947,(2(0)-1759345084:487947),CDHDeployment.systemResources.NON_VOLATILE_FREE,18947,55507608 KB
2025-10-01T11:58:04.487951,(2(0)-1759345084:487951),CDHDeployment.systemResources.NON_VOLATILE_TOTAL,18946,60785600 KB
2025-10-01T11:58:04.488054,(2(0)-1759345084:488054),CDHDeployment.comQueue.comQueueDepth,1792,['1', '1']
2025-10-01T11:58:04.488066,(2(0)-1759345084:488066),CDHDeployment.comQueue.buffQueueDepth,1793,['0']
2025-10-01T11:58:05.484940,(2(0)-1759345085:484940),CDHDeployment.systemResources.CPU_00,18949,13.40 percent
2025-10-01T11:58:05.485745,(2(0)-1759345085:485745),CDHDeployment.systemResources.CPU_01,18950,18.18 percent
2025-10-01T11:58:05.486654,(2(0)-1759345085:486654),CDHDeployment.systemResources.CPU_02,18951,17.35 percent
2025-10-01T11:58:05.487721,(2(0)-1759345085:487721),CDHDeployment.systemResources.CPU_03,18952,11.11 percent
2025-10-01T11:58:05.487726,(2(0)-1759345085:487726),CDHDeployment.systemResources.CPU,18948,15.01 percent
2025-10-01T11:58:05.487751,(2(0)-1759345085:487751),CDHDeployment.systemResources.MEMORY_TOTAL,18944,426836 KB
2025-10-01T11:58:05.487755,(2(0)-1759345085:487755),CDHDeployment.systemResources.MEMORY_USED,18945,119036 KB
2025-10-01T11:58:05.487782,(2(0)-1759345085:487782),CDHDeployment.systemResources.NON_VOLATILE_FREE,18947,55507608 KB
2025-10-01T11:58:05.487786,(2(0)-1759345085:487786),CDHDeployment.systemResources.NON_VOLATILE_TOTAL,18946,60785600 KB
2025-10-01T11:58:05.487889,(2(0)-1759345085:487889),CDHDeployment.comQueue.comQueueDepth,1792,['1', '1']
2025-10-01T11:58:05.487899,(2(0)-1759345085:487899),CDHDeployment.comQueue.buffQueueDepth,1793,['0']
2025-10-01T11:58:06.484971,(2(0)-1759345086:484971),CDHDeployment.systemResources.CPU_00,18949,12.12 percent
2025-10-01T11:58:06.485771,(2(0)-1759345086:485771),CDHDeployment.systemResources.CPU_01,18950,18.18 percent
2025-10-01T11:58:06.486673,(2(0)-1759345086:486673),CDHDeployment.systemResources.CPU_02,18951,14.14 percent
2025-10-01T11:58:06.487753,(2(0)-1759345086:487753),CDHDeployment.systemResources.CPU_03,18952,16.16 percent
2025-10-01T11:58:06.487758,(2(0)-1759345086:487758),CDHDeployment.systemResources.CPU,18948,15.15 percent
2025-10-01T11:58:06.487788,(2(0)-1759345086:487788),CDHDeployment.systemResources.MEMORY_TOTAL,18944,426836 KB
2025-10-01T11:58:06.487793,(2(0)-1759345086:487793),CDHDeployment.systemResources.MEMORY_USED,18945,121032 KB
2025-10-01T11:58:06.487820,(2(0)-1759345086:487820),CDHDeployment.systemResources.NON_VOLATILE_FREE,18947,55507608 KB
2025-10-01T11:58:06.487825,(2(0)-1759345086:487825),CDHDeployment.systemResources.NON_VOLATILE_TOTAL,18946,60785600 KB
2025-10-01T11:58:06.487911,(2(0)-1759345086:487911),CDHDeployment.comQueue.comQueueDepth,1792,['1', '1']
2025-10-01T11:58:06.487921,(2(0)-1759345086:487921),CDHDeployment.comQueue.buffQueueDepth,1793,['0']
2025-10-01T11:58:07.485034,(2(0)-1759345087:485034),CDHDeployment.systemResources.CPU_00,18949,15.69 percent
2025-10-01T11:58:07.485854,(2(0)-1759345087:485854),CDHDeployment.systemResources.CPU_01,18950,17.71 percent
2025-10-01T11:58:07.486782,(2(0)-1759345087:486782),CDHDeployment.systemResources.CPU_02,18951,15.15 percent
2025-10-01T11:58:07.487846,(2(0)-1759345087:487846),CDHDeployment.systemResources.CPU_03,18952,12.12 percent
2025-10-01T11:58:07.487851,(2(0)-1759345087:487851),CDHDeployment.systemResources.CPU,18948,15.17 percent
2025-10-01T11:58:07.487875,(2(0)-1759345087:487875),CDHDeployment.systemResources.MEMORY_TOTAL,18944,426836 KB
2025-10-01T11:58:07.487880,(2(0)-1759345087:487880),CDHDeployment.systemResources.MEMORY_USED,18945,121252 KB
2025-10-01T11:58:07.487906,(2(0)-1759345087:487906),CDHDeployment.systemResources.NON_VOLATILE_FREE,18947,55507608 KB
2025-10-01T11:58:07.487909,(2(0)-1759345087:487909),CDHDeployment.systemResources.NON_VOLATILE_TOTAL,18946,60785600 KB
2025-10-01T11:58:07.488016,(2(0)-1759345087:488016),CDHDeployment.comQueue.comQueueDepth,1792,['1', '1']
2025-10-01T11:58:07.488028,(2(0)-1759345087:488028),CDHDeployment.comQueue.buffQueueDepth,1793,['0']
2025-10-01T11:58:08.484972,(2(0)-1759345088:484972),CDHDeployment.systemResources.CPU_00,18949,9.38 percent
2025-10-01T11:58:08.485779,(2(0)-1759345088:485779),CDHDeployment.systemResources.CPU_01,18950,16.16 percent
2025-10-01T11:58:08.486890,(2(0)-1759345088:486890),CDHDeployment.systemResources.CPU_02,18951,19.39 percent
2025-10-01T11:58:08.487951,(2(0)-1759345088:487951),CDHDeployment.systemResources.CPU_03,18952,11.46 percent
2025-10-01T11:58:08.487955,(2(0)-1759345088:487955),CDHDeployment.systemResources.CPU,18948,14.10 percent
2025-10-01T11:58:08.487980,(2(0)-1759345088:487980),CDHDeployment.systemResources.MEMORY_TOTAL,18944,426836 KB
2025-10-01T11:58:08.487985,(2(0)-1759345088:487985),CDHDeployment.systemResources.MEMORY_USED,18945,120928 KB
2025-10-01T11:58:08.488013,(2(0)-1759345088:488013),CDHDeployment.systemResources.NON_VOLATILE_FREE,18947,55507608 KB
2025-10-01T11:58:08.488019,(2(0)-1759345088:488019),CDHDeployment.systemResources.NON_VOLATILE_TOTAL,18946,60785600 KB
2025-10-01T11:58:08.488124,(2(0)-1759345088:488124),CDHDeployment.comQueue.comQueueDepth,1792,['1', '1']
2025-10-01T11:58:08.488138,(2(0)-1759345088:488138),CDHDeployment.comQueue.buffQueueDepth,1793,['0']
2025-10-01T11:58:09.484947,(2(0)-1759345089:484947),CDHDeployment.systemResources.CPU_00,18949,14.43 percent
2025-10-01T11:58:09.485740,(2(0)-1759345089:485740),CDHDeployment.systemResources.CPU_01,18950,18.18 percent
2025-10-01T11:58:09.486655,(2(0)-1759345089:486655),CDHDeployment.systemResources.CPU_02,18951,7.22 percent
2025-10-01T11:58:09.487714,(2(0)-1759345089:487714),CDHDeployment.systemResources.CPU_03,18952,17.53 percent
2025-10-01T11:58:09.487721,(2(0)-1759345089:487721),CDHDeployment.systemResources.CPU,18948,14.34 percent
2025-10-01T11:58:09.487743,(2(0)-1759345089:487743),CDHDeployment.systemResources.MEMORY_TOTAL,18944,426836 KB
2025-10-01T11:58:09.487750,(2(0)-1759345089:487750),CDHDeployment.systemResources.MEMORY_USED,18945,119260 KB
2025-10-01T11:58:09.487777,(2(0)-1759345089:487777),CDHDeployment.systemResources.NON_VOLATILE_FREE,18947,55507608 KB
2025-10-01T11:58:09.487780,(2(0)-1759345089:487780),CDHDeployment.systemResources.NON_VOLATILE_TOTAL,18946,60785600 KB
2025-10-01T11:58:09.487883,(2(0)-1759345089:487883),CDHDeployment.comQueue.comQueueDepth,1792,['1', '1']
2025-10-01T11:58:09.487895,(2(0)-1759345089:487895),CDHDeployment.comQueue.buffQueueDepth,1793,['0']
2025-10-01T11:58:10.484890,(2(0)-1759345090:484890),CDHDeployment.systemResources.CPU_00,18949,10.42 percent
2025-10-01T11:58:10.485691,(2(0)-1759345090:485691),CDHDeployment.systemResources.CPU_01,18950,16.49 percent
2025-10-01T11:58:10.486628,(2(0)-1759345090:486628),CDHDeployment.systemResources.CPU_02,18951,15.31 percent
2025-10-01T11:58:10.487686,(2(0)-1759345090:487686),CDHDeployment.systemResources.CPU_03,18952,13.00 percent
2025-10-01T11:58:10.487691,(2(0)-1759345090:487691),CDHDeployment.systemResources.CPU,18948,13.80 percent
2025-10-01T11:58:10.487720,(2(0)-1759345090:487720),CDHDeployment.systemResources.MEMORY_TOTAL,18944,426836 KB
2025-10-01T11:58:10.487727,(2(0)-1759345090:487727),CDHDeployment.systemResources.MEMORY_USED,18945,118488 KB
2025-10-01T11:58:10.487751,(2(0)-1759345090:487751),CDHDeployment.systemResources.NON_VOLATILE_FREE,18947,55507608 KB
2025-10-01T11:58:10.487756,(2(0)-1759345090:487756),CDHDeployment.systemResources.NON_VOLATILE_TOTAL,18946,60785600 KB
2025-10-01T11:58:10.487851,(2(0)-1759345090:487851),CDHDeployment.comQueue.comQueueDepth,1792,['1', '1']
2025-10-01T11:58:10.487860,(2(0)-1759345090:487860),CDHDeployment.comQueue.buffQueueDepth,1793,['0']
2025-10-01T11:58:11.485093,(2(0)-1759345091:485093),CDHDeployment.systemResources.CPU_00,18949,11.46 percent
2025-10-01T11:58:11.485921,(2(0)-1759345091:485921),CDHDeployment.systemResources.CPU_01,18950,15.62 percent
2025-10-01T11:58:11.486882,(2(0)-1759345091:486882),CDHDeployment.systemResources.CPU_02,18951,14.43 percent
2025-10-01T11:58:11.487950,(2(0)-1759345091:487950),CDHDeployment.systemResources.CPU_03,18952,14.14 percent
2025-10-01T11:58:11.487956,(2(0)-1759345091:487956),CDHDeployment.systemResources.CPU,18948,13.91 percent
2025-10-01T11:58:11.487979,(2(0)-1759345091:487979),CDHDeployment.systemResources.MEMORY_TOTAL,18944,426836 KB
2025-10-01T11:58:11.487986,(2(0)-1759345091:487986),CDHDeployment.systemResources.MEMORY_USED,18945,120484 KB
2025-10-01T11:58:11.488014,(2(0)-1759345091:488014),CDHDeployment.systemResources.NON_VOLATILE_FREE,18947,55507608 KB
2025-10-01T11:58:11.488017,(2(0)-1759345091:488017),CDHDeployment.systemResources.NON_VOLATILE_TOTAL,18946,60785600 KB
2025-10-01T11:58:11.488150,(2(0)-1759345091:488150),CDHDeployment.comQueue.comQueueDepth,1792,['1', '1']
2025-10-01T11:58:11.488160,(2(0)-1759345091:488160),CDHDeployment.comQueue.buffQueueDepth,1793,['0']
2025-10-01T11:58:12.484929,(2(0)-1759345092:484929),CDHDeployment.systemResources.CPU_00,18949,16.33 percent
2025-10-01T11:58:12.485737,(2(0)-1759345092:485737),CDHDeployment.systemResources.CPU_01,18950,25.77 percent
2025-10-01T11:58:12.486654,(2(0)-1759345092:486654),CDHDeployment.systemResources.CPU_02,18951,21.65 percent
2025-10-01T11:58:12.487707,(2(0)-1759345092:487707),CDHDeployment.systemResources.CPU_03,18952,21.00 percent
2025-10-01T11:58:12.487713,(2(0)-1759345092:487713),CDHDeployment.systemResources.CPU,18948,21.19 percent
2025-10-01T11:58:12.487736,(2(0)-1759345092:487736),CDHDeployment.systemResources.MEMORY_TOTAL,18944,426836 KB
2025-10-01T11:58:12.487743,(2(0)-1759345092:487743),CDHDeployment.systemResources.MEMORY_USED,18945,118288 KB
2025-10-01T11:58:12.487769,(2(0)-1759345092:487769),CDHDeployment.systemResources.NON_VOLATILE_FREE,18947,55507608 KB
2025-10-01T11:58:12.487773,(2(0)-1759345092:487773),CDHDeployment.systemResources.NON_VOLATILE_TOTAL,18946,60785600 KB
2025-10-01T11:58:12.487871,(2(0)-1759345092:487871),CDHDeployment.comQueue.comQueueDepth,1792,['1', '1']
2025-10-01T11:58:12.487883,(2(0)-1759345092:487883),CDHDeployment.comQueue.buffQueueDepth,1793,['0']
2025-10-01T11:58:13.484980,(2(0)-1759345093:484980),CDHDeployment.systemResources.CPU_00,18949,12.37 percent
2025-10-01T11:58:13.485777,(2(0)-1759345093:485777),CDHDeployment.systemResources.CPU_01,18950,19.39 percent
2025-10-01T11:58:13.486682,(2(0)-1759345093:486682),CDHDeployment.systemResources.CPU_02,18951,13.13 percent
2025-10-01T11:58:13.487736,(2(0)-1759345093:487736),CDHDeployment.systemResources.CPU_03,18952,13.27 percent
2025-10-01T11:58:13.487740,(2(0)-1759345093:487740),CDHDeployment.systemResources.CPU,18948,14.54 percent
2025-10-01T11:58:13.487764,(2(0)-1759345093:487764),CDHDeployment.systemResources.MEMORY_TOTAL,18944,426836 KB
2025-10-01T11:58:13.487769,(2(0)-1759345093:487769),CDHDeployment.systemResources.MEMORY_USED,18945,118972 KB
2025-10-01T11:58:13.487796,(2(0)-1759345093:487796),CDHDeployment.systemResources.NON_VOLATILE_FREE,18947,55507608 KB
2025-10-01T11:58:13.487799,(2(0)-1759345093:487799),CDHDeployment.systemResources.NON_VOLATILE_TOTAL,18946,60785600 KB
2025-10-01T11:58:13.487893,(2(0)-1759345093:487893),CDHDeployment.comQueue.comQueueDepth,1792,['1', '1']
2025-10-01T11:58:13.487905,(2(0)-1759345093:487905),CDHDeployment.comQueue.buffQueueDepth,1793,['0']
2025-10-01T11:58:14.484944,(2(0)-1759345094:484944),CDHDeployment.systemResources.CPU_00,18949,14.58 percent
2025-10-01T11:58:14.485743,(2(0)-1759345094:485743),CDHDeployment.systemResources.CPU_01,18950,14.29 percent
2025-10-01T11:58:14.486648,(2(0)-1759345094:486648),CDHDeployment.systemResources.CPU_02,18951,20.41 percent
2025-10-01T11:58:14.487707,(2(0)-1759345094:487707),CDHDeployment.systemResources.CPU_03,18952,8.33 percent
2025-10-01T11:58:14.487713,(2(0)-1759345094:487713),CDHDeployment.systemResources.CPU,18948,14.40 percent
2025-10-01T11:58:14.487737,(2(0)-1759345094:487737),CDHDeployment.systemResources.MEMORY_TOTAL,18944,426836 KB
2025-10-01T11:58:14.487743,(2(0)-1759345094:487743),CDHDeployment.systemResources.MEMORY_USED,18945,119368 KB
2025-10-01T11:58:14.487770,(2(0)-1759345094:487770),CDHDeployment.systemResources.NON_VOLATILE_FREE,18947,55507608 KB
2025-10-01T11:58:14.487778,(2(0)-1759345094:487778),CDHDeployment.systemResources.NON_VOLATILE_TOTAL,18946,60785600 KB
2025-10-01T11:58:14.487914,(2(0)-1759345094:487914),CDHDeployment.comQueue.comQueueDepth,1792,['1', '1']
2025-10-01T11:58:14.487925,(2(0)-1759345094:487925),CDHDeployment.comQueue.buffQueueDepth,1793,['0']
2025-10-01T11:58:15.485054,(2(0)-1759345095:485054),CDHDeployment.systemResources.CPU_00,18949,15.31 percent
2025-10-01T11:58:15.485878,(2(0)-1759345095:485878),CDHDeployment.systemResources.CPU_01,18950,19.80 percent
2025-10-01T11:58:15.486802,(2(0)-1759345095:486802),CDHDeployment.systemResources.CPU_02,18951,15.31 percent
2025-10-01T11:58:15.487861,(2(0)-1759345095:487861),CDHDeployment.systemResources.CPU_03,18952,12.24 percent
2025-10-01T11:58:15.487866,(2(0)-1759345095:487866),CDHDeployment.systemResources.CPU,18948,15.66 percent
2025-10-01T11:58:15.487890,(2(0)-1759345095:487890),CDHDeployment.systemResources.MEMORY_TOTAL,18944,426836 KB
2025-10-01T11:58:15.487895,(2(0)-1759345095:487895),CDHDeployment.systemResources.MEMORY_USED,18945,115920 KB
2025-10-01T11:58:15.487921,(2(0)-1759345095:487921),CDHDeployment.systemResources.NON_VOLATILE_FREE,18947,55507608 KB
2025-10-01T11:58:15.487925,(2(0)-1759345095:487925),CDHDeployment.systemResources.NON_VOLATILE_TOTAL,18946,60785600 KB
2025-10-01T11:58:15.488023,(2(0)-1759345095:488023),CDHDeployment.comQueue.comQueueDepth,1792,['1', '1']
2025-10-01T11:58:15.488035,(2(0)-1759345095:488035),CDHDeployment.comQueue.buffQueueDepth,1793,['0']
2025-10-01T11:58:16.484910,(2(0)-1759345096:484910),CDHDeployment.systemResources.CPU_00,18949,14.58 percent
2025-10-01T11:58:16.485703,(2(0)-1759345096:485703),CDHDeployment.systemResources.CPU_01,18950,12.24 percent
2025-10-01T11:58:16.486630,(2(0)-1759345096:486630),CDHDeployment.systemResources.CPU_02,18951,18.18 percent
2025-10-01T11:58:16.487688,(2(0)-1759345096:487688),CDHDeployment.systemResources.CPU_03,18952,14.00 percent
2025-10-01T11:58:16.487693,(2(0)-1759345096:487693),CDHDeployment.systemResources.CPU,18948,14.75 percent
2025-10-01T11:58:16.487717,(2(0)-1759345096:487717),CDHDeployment.systemResources.MEMORY_TOTAL,18944,426836 KB
2025-10-01T11:58:16.487722,(2(0)-1759345096:487722),CDHDeployment.systemResources.MEMORY_USED,18945,120124 KB
2025-10-01T11:58:16.487752,(2(0)-1759345096:487752),CDHDeployment.systemResources.NON_VOLATILE_FREE,18947,55507608 KB
2025-10-01T11:58:16.487757,(2(0)-1759345096:487757),CDHDeployment.systemResources.NON_VOLATILE_TOTAL,18946,60785600 KB
2025-10-01T11:58:16.487854,(2(0)-1759345096:487854),CDHDeployment.comQueue.comQueueDepth,1792,['1', '1']
2025-10-01T11:58:16.487868,(2(0)-1759345096:487868),CDHDeployment.comQueue.buffQueueDepth,1793,['0']
2025-10-01T11:58:17.484939,(2(0)-1759345097:484939),CDHDeployment.systemResources.CPU_00,18949,14.00 percent
2025-10-01T11:58:17.485773,(2(0)-1759345097:485773),CDHDeployment.systemResources.CPU_01,18950,24.75 percent
2025-10-01T11:58:17.486838,(2(0)-1759345097:486838),CDHDeployment.systemResources.CPU_02,18951,17.00 percent
2025-10-01T11:58:17.487900,(2(0)-1759345097:487900),CDHDeployment.systemResources.CPU_03,18952,11.22 percent
2025-10-01T11:58:17.487906,(2(0)-1759345097:487906),CDHDeployment.systemResources.CPU,18948,16.74 percent
2025-10-01T11:58:17.487932,(2(0)-1759345097:487932),CDHDeployment.systemResources.MEMORY_TOTAL,18944,426836 KB
2025-10-01T11:58:17.487936,(2(0)-1759345097:487936),CDHDeployment.systemResources.MEMORY_USED,18945,121820 KB
2025-10-01T11:58:17.487963,(2(0)-1759345097:487963),CDHDeployment.systemResources.NON_VOLATILE_FREE,18947,55507608 KB
2025-10-01T11:58:17.487966,(2(0)-1759345097:487966),CDHDeployment.systemResources.NON_VOLATILE_TOTAL,18946,60785600 KB
2025-10-01T11:58:17.488070,(2(0)-1759345097:488070),CDHDeployment.comQueue.comQueueDepth,1792,['1', '1']
2025-10-01T11:58:17.488084,(2(0)-1759345097:488084),CDHDeployment.comQueue.buffQueueDepth,1793,['0']
2025-10-01T11:58:18.484887,(2(0)-1759345098:484887),CDHDeployment.systemResources.CPU_00,18949,17.00 percent
2025-10-01T11:58:18.485734,(2(0)-1759345098:485734),CDHDeployment.systemResources.CPU_01,18950,14.58 percent
2025-10-01T11:58:18.486650,(2(0)-1759345098:486650),CDHDeployment.systemResources.CPU_02,18951,15.15 percent
2025-10-01T11:58:18.487878,(2(0)-1759345098:487878),CDHDeployment.systemResources.CPU_03,18952,13.27 percent
2025-10-01T11:58:18.487884,(2(0)-1759345098:487884),CDHDeployment.systemResources.CPU,18948,15.00 percent
2025-10-01T11:58:18.487907,(2(0)-1759345098:487907),CDHDeployment.systemResources.MEMORY_TOTAL,18944,426836 KB
2025-10-01T11:58:18.487914,(2(0)-1759345098:487914),CDHDeployment.systemResources.MEMORY_USED,18945,120748 KB
2025-10-01T11:58:18.487940,(2(0)-1759345098:487940),CDHDeployment.systemResources.NON_VOLATILE_FREE,18947,55507608 KB
2025-10-01T11:58:18.487944,(2(0)-1759345098:487944),CDHDeployment.systemResources.NON_VOLATILE_TOTAL,18946,60785600 KB
2025-10-01T11:58:18.488057,(2(0)-1759345098:488057),CDHDeployment.comQueue.comQueueDepth,1792,['1', '1']
2025-10-01T11:58:18.488071,(2(0)-1759345098:488071),CDHDeployment.comQueue.buffQueueDepth,1793,['0']
2025-10-01T11:58:19.485049,(2(0)-1759345099:485049),CDHDeployment.systemResources.CPU_00,18949,11.00 percent
2025-10-01T11:58:19.485865,(2(0)-1759345099:485865),CDHDeployment.systemResources.CPU_01,18950,13.68 percent
2025-10-01T11:58:19.486768,(2(0)-1759345099:486768),CDHDeployment.systemResources.CPU_02,18951,17.53 percent
2025-10-01T11:58:19.487843,(2(0)-1759345099:487843),CDHDeployment.systemResources.CPU_03,18952,14.29 percent
2025-10-01T11:58:19.487850,(2(0)-1759345099:487850),CDHDeployment.systemResources.CPU,18948,14.12 percent
2025-10-01T11:58:19.487874,(2(0)-1759345099:487874),CDHDeployment.systemResources.MEMORY_TOTAL,18944,426836 KB
2025-10-01T11:58:19.487880,(2(0)-1759345099:487880),CDHDeployment.systemResources.MEMORY_USED,18945,121056 KB
2025-10-01T11:58:19.487907,(2(0)-1759345099:487907),CDHDeployment.systemResources.NON_VOLATILE_FREE,18947,55507608 KB
2025-10-01T11:58:19.487910,(2(0)-1759345099:487910),CDHDeployment.systemResources.NON_VOLATILE_TOTAL,18946,60785600 KB
2025-10-01T11:58:19.488046,(2(0)-1759345099:488046),CDHDeployment.comQueue.comQueueDepth,1792,['1', '1']
2025-10-01T11:58:19.488059,(2(0)-1759345099:488059),CDHDeployment.comQueue.buffQueueDepth,1793,['0']
2025-10-01T11:58:20.484968,(2(0)-1759345100:484968),CDHDeployment.systemResources.CPU_00,18949,20.00 percent
2025-10-01T11:58:20.485777,(2(0)-1759345100:485777),CDHDeployment.systemResources.CPU_01,18950,12.00 percent
2025-10-01T11:58:20.486671,(2(0)-1759345100:486671),CDHDeployment.systemResources.CPU_02,18951,15.46 percent
2025-10-01T11:58:20.487734,(2(0)-1759345100:487734),CDHDeployment.systemResources.CPU_03,18952,15.00 percent
2025-10-01T11:58:20.487738,(2(0)-1759345100:487738),CDHDeployment.systemResources.CPU,18948,15.62 percent
2025-10-01T11:58:20.487764,(2(0)-1759345100:487764),CDHDeployment.systemResources.MEMORY_TOTAL,18944,426836 KB
2025-10-01T11:58:20.487769,(2(0)-1759345100:487769),CDHDeployment.systemResources.MEMORY_USED,18945,118776 KB
2025-10-01T11:58:20.487796,(2(0)-1759345100:487796),CDHDeployment.systemResources.NON_VOLATILE_FREE,18947,55507608 KB
2025-10-01T11:58:20.487799,(2(0)-1759345100:487799),CDHDeployment.systemResources.NON_VOLATILE_TOTAL,18946,60785600 KB
2025-10-01T11:58:20.487891,(2(0)-1759345100:487891),CDHDeployment.comQueue.comQueueDepth,1792,['1', '1']
2025-10-01T11:58:20.487903,(2(0)-1759345100:487903),CDHDeployment.comQueue.buffQueueDepth,1793,['0']
2025-10-01T11:58:21.484944,(2(0)-1759345101:484944),CDHDeployment.systemResources.CPU_00,18949,16.33 percent
2025-10-01T11:58:21.485751,(2(0)-1759345101:485751),CDHDeployment.systemResources.CPU_01,18950,12.50 percent
2025-10-01T11:58:21.486788,(2(0)-1759345101:486788),CDHDeployment.systemResources.CPU_02,18951,7.14 percent
2025-10-01T11:58:21.487854,(2(0)-1759345101:487854),CDHDeployment.systemResources.CPU_03,18952,13.13 percent
2025-10-01T11:58:21.487858,(2(0)-1759345101:487858),CDHDeployment.systemResources.CPU,18948,12.28 percent
2025-10-01T11:58:21.487885,(2(0)-1759345101:487885),CDHDeployment.systemResources.MEMORY_TOTAL,18944,426836 KB
2025-10-01T11:58:21.487890,(2(0)-1759345101:487890),CDHDeployment.systemResources.MEMORY_USED,18945,114052 KB
2025-10-01T11:58:21.487916,(2(0)-1759345101:487916),CDHDeployment.systemResources.NON_VOLATILE_FREE,18947,55507608 KB
2025-10-01T11:58:21.487921,(2(0)-1759345101:487921),CDHDeployment.systemResources.NON_VOLATILE_TOTAL,18946,60785600 KB
2025-10-01T11:58:21.488021,(2(0)-1759345101:488021),CDHDeployment.comQueue.comQueueDepth,1792,['1', '1']
2025-10-01T11:58:21.488032,(2(0)-1759345101:488032),CDHDeployment.comQueue.buffQueueDepth,1793,['0']
2025-10-01T11:58:22.484989,(2(0)-1759345102:484989),CDHDeployment.systemResources.CPU_00,18949,17.17 percent
2025-10-01T11:58:22.485801,(2(0)-1759345102:485801),CDHDeployment.systemResources.CPU_01,18950,13.40 percent
2025-10-01T11:58:22.486710,(2(0)-1759345102:486710),CDHDeployment.systemResources.CPU_02,18951,16.67 percent
2025-10-01T11:58:22.487766,(2(0)-1759345102:487766),CDHDeployment.systemResources.CPU_03,18952,15.46 percent
2025-10-01T11:58:22.487771,(2(0)-1759345102:487771),CDHDeployment.systemResources.CPU,18948,15.68 percent
2025-10-01T11:58:22.487799,(2(0)-1759345102:487799),CDHDeployment.systemResources.MEMORY_TOTAL,18944,426836 KB
2025-10-01T11:58:22.487806,(2(0)-1759345102:487806),CDHDeployment.systemResources.MEMORY_USED,18945,121544 KB
2025-10-01T11:58:22.487831,(2(0)-1759345102:487831),CDHDeployment.systemResources.NON_VOLATILE_FREE,18947,55507608 KB
2025-10-01T11:58:22.487835,(2(0)-1759345102:487835),CDHDeployment.systemResources.NON_VOLATILE_TOTAL,18946,60785600 KB
2025-10-01T11:58:22.487961,(2(0)-1759345102:487961),CDHDeployment.comQueue.comQueueDepth,1792,['1', '1']
2025-10-01T11:58:22.487973,(2(0)-1759345102:487973),CDHDeployment.comQueue.buffQueueDepth,1793,['0']
